{"/Users/ray/Development/team-flow/frontend/src/components/HealthStatus.tsx": {"path":"/Users/ray/Development/team-flow/frontend/src/components/HealthStatus.tsx","statementMap":{"0":{"start":{"line":10,"column":28},"end":{"line":10,"column":null}},"1":{"start":{"line":11,"column":32},"end":{"line":11,"column":null}},"2":{"start":{"line":13,"column":2},"end":{"line":41,"column":null}},"3":{"start":{"line":14,"column":23},"end":{"line":14,"column":null}},"4":{"start":{"line":16,"column":4},"end":{"line":38,"column":null}},"5":{"start":{"line":18,"column":8},"end":{"line":20,"column":null}},"6":{"start":{"line":19,"column":10},"end":{"line":19,"column":null}},"7":{"start":{"line":21,"column":8},"end":{"line":21,"column":null}},"8":{"start":{"line":24,"column":8},"end":{"line":28,"column":null}},"9":{"start":{"line":25,"column":10},"end":{"line":25,"column":null}},"10":{"start":{"line":26,"column":10},"end":{"line":26,"column":null}},"11":{"start":{"line":27,"column":10},"end":{"line":27,"column":null}},"12":{"start":{"line":29,"column":8},"end":{"line":29,"column":null}},"13":{"start":{"line":30,"column":8},"end":{"line":30,"column":null}},"14":{"start":{"line":33,"column":8},"end":{"line":35,"column":null}},"15":{"start":{"line":34,"column":10},"end":{"line":34,"column":null}},"16":{"start":{"line":36,"column":8},"end":{"line":36,"column":null}},"17":{"start":{"line":37,"column":8},"end":{"line":37,"column":null}},"18":{"start":{"line":40,"column":4},"end":{"line":40,"column":null}},"19":{"start":{"line":40,"column":17},"end":{"line":40,"column":null}},"20":{"start":{"line":43,"column":2},"end":{"line":47,"column":null}}},"fnMap":{"0":{"name":"HealthStatus","decl":{"start":{"line":9,"column":16},"end":{"line":9,"column":31}},"loc":{"start":{"line":9,"column":31},"end":{"line":49,"column":null}},"line":9},"1":{"name":"(anonymous_1)","decl":{"start":{"line":13,"column":2},"end":{"line":13,"column":18}},"loc":{"start":{"line":13,"column":18},"end":{"line":41,"column":5}},"line":13},"2":{"name":"(anonymous_2)","decl":{"start":{"line":17,"column":12},"end":{"line":17,"column":19}},"loc":{"start":{"line":17,"column":32},"end":{"line":22,"column":7}},"line":17},"3":{"name":"(anonymous_3)","decl":{"start":{"line":23,"column":7},"end":{"line":23,"column":13}},"loc":{"start":{"line":23,"column":22},"end":{"line":31,"column":7}},"line":23},"4":{"name":"(anonymous_4)","decl":{"start":{"line":32,"column":7},"end":{"line":32,"column":14}},"loc":{"start":{"line":32,"column":33},"end":{"line":38,"column":7}},"line":32},"5":{"name":"(anonymous_5)","decl":{"start":{"line":40,"column":4},"end":{"line":40,"column":17}},"loc":{"start":{"line":40,"column":17},"end":{"line":40,"column":null}},"line":40}},"branchMap":{"0":{"loc":{"start":{"line":18,"column":8},"end":{"line":20,"column":null}},"type":"if","locations":[{"start":{"line":18,"column":8},"end":{"line":20,"column":null}},{"start":{},"end":{}}],"line":18},"1":{"loc":{"start":{"line":24,"column":8},"end":{"line":28,"column":null}},"type":"if","locations":[{"start":{"line":24,"column":8},"end":{"line":28,"column":null}},{"start":{},"end":{}}],"line":24},"2":{"loc":{"start":{"line":30,"column":35},"end":{"line":30,"column":71}},"type":"binary-expr","locations":[{"start":{"line":30,"column":35},"end":{"line":30,"column":50}},{"start":{"line":30,"column":50},"end":{"line":30,"column":71}}],"line":30},"3":{"loc":{"start":{"line":33,"column":8},"end":{"line":35,"column":null}},"type":"if","locations":[{"start":{"line":33,"column":8},"end":{"line":35,"column":null}},{"start":{},"end":{}}],"line":33},"4":{"loc":{"start":{"line":33,"column":12},"end":{"line":33,"column":74}},"type":"binary-expr","locations":[{"start":{"line":33,"column":12},"end":{"line":33,"column":45}},{"start":{"line":33,"column":45},"end":{"line":33,"column":74}}],"line":33},"5":{"loc":{"start":{"line":37,"column":19},"end":{"line":37,"column":80}},"type":"cond-expr","locations":[{"start":{"line":37,"column":44},"end":{"line":37,"column":60}},{"start":{"line":37,"column":60},"end":{"line":37,"column":80}}],"line":37},"6":{"loc":{"start":{"line":46,"column":10},"end":{"line":46,"column":55}},"type":"cond-expr","locations":[{"start":{"line":46,"column":32},"end":{"line":46,"column":44}},{"start":{"line":46,"column":44},"end":{"line":46,"column":55}}],"line":46}},"s":{"0":4,"1":4,"2":4,"3":2,"4":2,"5":2,"6":1,"7":1,"8":1,"9":1,"10":1,"11":1,"12":0,"13":0,"14":1,"15":0,"16":1,"17":1,"18":2,"19":0,"20":4},"f":{"0":4,"1":2,"2":2,"3":1,"4":1,"5":0},"b":{"0":[1,1],"1":[1,0],"2":[0,0],"3":[0,1],"4":[1,0],"5":[1,0],"6":[2,2]},"meta":{"lastBranch":7,"lastFunction":6,"lastStatement":21,"seen":{"f:9:16:9:31":0,"s:10:28:10:Infinity":0,"s:11:32:11:Infinity":1,"s:13:2:41:Infinity":2,"f:13:2:13:18":1,"s:14:23:14:Infinity":3,"s:16:4:38:Infinity":4,"f:17:12:17:19":2,"b:18:8:20:Infinity:undefined:undefined:undefined:undefined":0,"s:18:8:20:Infinity":5,"s:19:10:19:Infinity":6,"s:21:8:21:Infinity":7,"f:23:7:23:13":3,"b:24:8:28:Infinity:undefined:undefined:undefined:undefined":1,"s:24:8:28:Infinity":8,"s:25:10:25:Infinity":9,"s:26:10:26:Infinity":10,"s:27:10:27:Infinity":11,"s:29:8:29:Infinity":12,"s:30:8:30:Infinity":13,"b:30:35:30:50:30:50:30:71":2,"f:32:7:32:14":4,"b:33:8:35:Infinity:undefined:undefined:undefined:undefined":3,"s:33:8:35:Infinity":14,"b:33:12:33:45:33:45:33:74":4,"s:34:10:34:Infinity":15,"s:36:8:36:Infinity":16,"s:37:8:37:Infinity":17,"b:37:44:37:60:37:60:37:80":5,"s:40:4:40:Infinity":18,"f:40:4:40:17":5,"s:40:17:40:Infinity":19,"s:43:2:47:Infinity":20,"b:46:32:46:44:46:44:46:55":6},"fnNames":{}}}
,"/Users/ray/Development/team-flow/frontend/src/pages/AuthPage.tsx": {"path":"/Users/ray/Development/team-flow/frontend/src/pages/AuthPage.tsx","statementMap":{"0":{"start":{"line":4,"column":19},"end":{"line":4,"column":null}},"1":{"start":{"line":14,"column":2},"end":{"line":17,"column":null}},"2":{"start":{"line":16,"column":22},"end":{"line":16,"column":57}},"3":{"start":{"line":21,"column":26},"end":{"line":21,"column":null}},"4":{"start":{"line":22,"column":32},"end":{"line":22,"column":null}},"5":{"start":{"line":23,"column":28},"end":{"line":23,"column":null}},"6":{"start":{"line":24,"column":34},"end":{"line":24,"column":null}},"7":{"start":{"line":25,"column":40},"end":{"line":25,"column":null}},"8":{"start":{"line":26,"column":32},"end":{"line":26,"column":null}},"9":{"start":{"line":27,"column":26},"end":{"line":27,"column":null}},"10":{"start":{"line":29,"column":2},"end":{"line":34,"column":null}},"11":{"start":{"line":30,"column":4},"end":{"line":33,"column":null}},"12":{"start":{"line":31,"column":27},"end":{"line":31,"column":64}},"13":{"start":{"line":32,"column":38},"end":{"line":32,"column":54}},"14":{"start":{"line":33,"column":19},"end":{"line":33,"column":35}},"15":{"start":{"line":37,"column":4},"end":{"line":37,"column":null}},"16":{"start":{"line":38,"column":4},"end":{"line":38,"column":null}},"17":{"start":{"line":39,"column":4},"end":{"line":39,"column":null}},"18":{"start":{"line":40,"column":4},"end":{"line":58,"column":null}},"19":{"start":{"line":41,"column":6},"end":{"line":41,"column":null}},"20":{"start":{"line":42,"column":23},"end":{"line":47,"column":null}},"21":{"start":{"line":48,"column":6},"end":{"line":51,"column":null}},"22":{"start":{"line":49,"column":25},"end":{"line":49,"column":null}},"23":{"start":{"line":49,"column":59},"end":{"line":49,"column":63}},"24":{"start":{"line":50,"column":8},"end":{"line":50,"column":null}},"25":{"start":{"line":52,"column":6},"end":{"line":52,"column":null}},"26":{"start":{"line":53,"column":6},"end":{"line":53,"column":null}},"27":{"start":{"line":55,"column":6},"end":{"line":55,"column":null}},"28":{"start":{"line":57,"column":6},"end":{"line":57,"column":null}},"29":{"start":{"line":62,"column":4},"end":{"line":62,"column":null}},"30":{"start":{"line":63,"column":4},"end":{"line":67,"column":null}},"31":{"start":{"line":68,"column":4},"end":{"line":68,"column":null}},"32":{"start":{"line":69,"column":4},"end":{"line":69,"column":null}},"33":{"start":{"line":72,"column":2},"end":{"line":83,"column":null}},"34":{"start":{"line":73,"column":4},"end":{"line":81,"column":null}},"35":{"start":{"line":85,"column":2},"end":{"line":111,"column":null}},"36":{"start":{"line":94,"column":60},"end":{"line":94,"column":96}},"37":{"start":{"line":99,"column":65},"end":{"line":99,"column":95}},"38":{"start":{"line":103,"column":71},"end":{"line":103,"column":104}},"39":{"start":{"line":107,"column":67},"end":{"line":107,"column":null}}},"fnMap":{"0":{"name":"csrfToken","decl":{"start":{"line":13,"column":9},"end":{"line":13,"column":21}},"loc":{"start":{"line":13,"column":21},"end":{"line":18,"column":null}},"line":13},"1":{"name":"(anonymous_1)","decl":{"start":{"line":16,"column":5},"end":{"line":16,"column":11}},"loc":{"start":{"line":16,"column":22},"end":{"line":16,"column":57}},"line":16},"2":{"name":"AuthPage","decl":{"start":{"line":20,"column":16},"end":{"line":20,"column":27}},"loc":{"start":{"line":20,"column":27},"end":{"line":113,"column":null}},"line":20},"3":{"name":"(anonymous_3)","decl":{"start":{"line":29,"column":2},"end":{"line":29,"column":18}},"loc":{"start":{"line":29,"column":18},"end":{"line":34,"column":5}},"line":29},"4":{"name":"(anonymous_4)","decl":{"start":{"line":31,"column":7},"end":{"line":31,"column":13}},"loc":{"start":{"line":31,"column":27},"end":{"line":31,"column":64}},"line":31},"5":{"name":"(anonymous_5)","decl":{"start":{"line":32,"column":7},"end":{"line":32,"column":13}},"loc":{"start":{"line":32,"column":38},"end":{"line":32,"column":54}},"line":32},"6":{"name":"(anonymous_6)","decl":{"start":{"line":33,"column":7},"end":{"line":33,"column":19}},"loc":{"start":{"line":33,"column":19},"end":{"line":33,"column":35}},"line":33},"7":{"name":"submit","decl":{"start":{"line":36,"column":17},"end":{"line":36,"column":24}},"loc":{"start":{"line":36,"column":59},"end":{"line":59,"column":null}},"line":36},"8":{"name":"(anonymous_8)","decl":{"start":{"line":49,"column":47},"end":{"line":49,"column":59}},"loc":{"start":{"line":49,"column":59},"end":{"line":49,"column":63}},"line":49},"9":{"name":"logout","decl":{"start":{"line":61,"column":17},"end":{"line":61,"column":26}},"loc":{"start":{"line":61,"column":26},"end":{"line":70,"column":null}},"line":61},"10":{"name":"(anonymous_10)","decl":{"start":{"line":94,"column":39},"end":{"line":94,"column":50}},"loc":{"start":{"line":94,"column":60},"end":{"line":94,"column":96}},"line":94},"11":{"name":"(anonymous_11)","decl":{"start":{"line":99,"column":44},"end":{"line":99,"column":55}},"loc":{"start":{"line":99,"column":65},"end":{"line":99,"column":95}},"line":99},"12":{"name":"(anonymous_12)","decl":{"start":{"line":103,"column":50},"end":{"line":103,"column":61}},"loc":{"start":{"line":103,"column":71},"end":{"line":103,"column":104}},"line":103},"13":{"name":"(anonymous_13)","decl":{"start":{"line":107,"column":52},"end":{"line":107,"column":67}},"loc":{"start":{"line":107,"column":67},"end":{"line":107,"column":null}},"line":107}},"branchMap":{"0":{"loc":{"start":{"line":31,"column":27},"end":{"line":31,"column":64}},"type":"cond-expr","locations":[{"start":{"line":31,"column":41},"end":{"line":31,"column":59}},{"start":{"line":31,"column":59},"end":{"line":31,"column":64}}],"line":31},"1":{"loc":{"start":{"line":45,"column":71},"end":{"line":45,"column":89}},"type":"binary-expr","locations":[{"start":{"line":45,"column":71},"end":{"line":45,"column":86}},{"start":{"line":45,"column":86},"end":{"line":45,"column":89}}],"line":45},"2":{"loc":{"start":{"line":46,"column":29},"end":{"line":46,"column":102}},"type":"cond-expr","locations":[{"start":{"line":46,"column":48},"end":{"line":46,"column":70}},{"start":{"line":46,"column":70},"end":{"line":46,"column":102}}],"line":46},"3":{"loc":{"start":{"line":48,"column":6},"end":{"line":51,"column":null}},"type":"if","locations":[{"start":{"line":48,"column":6},"end":{"line":51,"column":null}},{"start":{},"end":{}}],"line":48},"4":{"loc":{"start":{"line":50,"column":24},"end":{"line":50,"column":80}},"type":"binary-expr","locations":[{"start":{"line":50,"column":24},"end":{"line":50,"column":43}},{"start":{"line":50,"column":43},"end":{"line":50,"column":80}}],"line":50},"5":{"loc":{"start":{"line":55,"column":17},"end":{"line":55,"column":74}},"type":"cond-expr","locations":[{"start":{"line":55,"column":42},"end":{"line":55,"column":58}},{"start":{"line":55,"column":58},"end":{"line":55,"column":74}}],"line":55},"6":{"loc":{"start":{"line":66,"column":33},"end":{"line":66,"column":51}},"type":"binary-expr","locations":[{"start":{"line":66,"column":33},"end":{"line":66,"column":48}},{"start":{"line":66,"column":48},"end":{"line":66,"column":51}}],"line":66},"7":{"loc":{"start":{"line":72,"column":2},"end":{"line":83,"column":null}},"type":"if","locations":[{"start":{"line":72,"column":2},"end":{"line":83,"column":null}},{"start":{},"end":{}}],"line":72},"8":{"loc":{"start":{"line":88,"column":11},"end":{"line":88,"column":68}},"type":"cond-expr","locations":[{"start":{"line":88,"column":30},"end":{"line":88,"column":42}},{"start":{"line":88,"column":42},"end":{"line":88,"column":68}}],"line":88},"9":{"loc":{"start":{"line":91,"column":9},"end":{"line":95,"column":null}},"type":"binary-expr","locations":[{"start":{"line":91,"column":9},"end":{"line":91,"column":null}},{"start":{"line":92,"column":10},"end":{"line":95,"column":null}}],"line":91},"10":{"loc":{"start":{"line":105,"column":47},"end":{"line":105,"column":119}},"type":"cond-expr","locations":[{"start":{"line":105,"column":54},"end":{"line":105,"column":69}},{"start":{"line":105,"column":69},"end":{"line":105,"column":119}}],"line":105},"11":{"loc":{"start":{"line":105,"column":69},"end":{"line":105,"column":119}},"type":"cond-expr","locations":[{"start":{"line":105,"column":88},"end":{"line":105,"column":100}},{"start":{"line":105,"column":100},"end":{"line":105,"column":119}}],"line":105},"12":{"loc":{"start":{"line":107,"column":75},"end":{"line":107,"column":114}},"type":"cond-expr","locations":[{"start":{"line":107,"column":94},"end":{"line":107,"column":107}},{"start":{"line":107,"column":107},"end":{"line":107,"column":114}}],"line":107},"13":{"loc":{"start":{"line":108,"column":9},"end":{"line":108,"column":null}},"type":"cond-expr","locations":[{"start":{"line":108,"column":28},"end":{"line":108,"column":49}},{"start":{"line":108,"column":49},"end":{"line":108,"column":null}}],"line":108}},"s":{"0":1,"1":1,"2":1,"3":9,"4":9,"5":9,"6":9,"7":9,"8":9,"9":9,"10":9,"11":2,"12":2,"13":2,"14":0,"15":1,"16":1,"17":1,"18":1,"19":1,"20":1,"21":1,"22":0,"23":0,"24":0,"25":1,"26":1,"27":0,"28":1,"29":0,"30":0,"31":0,"32":0,"33":9,"34":1,"35":8,"36":1,"37":1,"38":1,"39":1},"f":{"0":1,"1":1,"2":9,"3":2,"4":2,"5":2,"6":0,"7":1,"8":0,"9":0,"10":1,"11":1,"12":1,"13":1},"b":{"0":[0,2],"1":[1,0],"2":[0,1],"3":[0,1],"4":[0,0],"5":[0,0],"6":[0,0],"7":[1,8],"8":[2,6],"9":[9,6],"10":[1,7],"11":[2,5],"12":[1,0],"13":[2,6]},"meta":{"lastBranch":14,"lastFunction":14,"lastStatement":40,"seen":{"s:4:19:4:Infinity":0,"f:13:9:13:21":0,"s:14:2:17:Infinity":1,"f:16:5:16:11":1,"s:16:22:16:57":2,"f:20:16:20:27":2,"s:21:26:21:Infinity":3,"s:22:32:22:Infinity":4,"s:23:28:23:Infinity":5,"s:24:34:24:Infinity":6,"s:25:40:25:Infinity":7,"s:26:32:26:Infinity":8,"s:27:26:27:Infinity":9,"s:29:2:34:Infinity":10,"f:29:2:29:18":3,"s:30:4:33:Infinity":11,"f:31:7:31:13":4,"s:31:27:31:64":12,"b:31:41:31:59:31:59:31:64":0,"f:32:7:32:13":5,"s:32:38:32:54":13,"f:33:7:33:19":6,"s:33:19:33:35":14,"f:36:17:36:24":7,"s:37:4:37:Infinity":15,"s:38:4:38:Infinity":16,"s:39:4:39:Infinity":17,"s:40:4:58:Infinity":18,"s:41:6:41:Infinity":19,"s:42:23:47:Infinity":20,"b:45:71:45:86:45:86:45:89":1,"b:46:48:46:70:46:70:46:102":2,"b:48:6:51:Infinity:undefined:undefined:undefined:undefined":3,"s:48:6:51:Infinity":21,"s:49:25:49:Infinity":22,"f:49:47:49:59":8,"s:49:59:49:63":23,"s:50:8:50:Infinity":24,"b:50:24:50:43:50:43:50:80":4,"s:52:6:52:Infinity":25,"s:53:6:53:Infinity":26,"s:55:6:55:Infinity":27,"b:55:42:55:58:55:58:55:74":5,"s:57:6:57:Infinity":28,"f:61:17:61:26":9,"s:62:4:62:Infinity":29,"s:63:4:67:Infinity":30,"b:66:33:66:48:66:48:66:51":6,"s:68:4:68:Infinity":31,"s:69:4:69:Infinity":32,"b:72:2:83:Infinity:undefined:undefined:undefined:undefined":7,"s:72:2:83:Infinity":33,"s:73:4:81:Infinity":34,"s:85:2:111:Infinity":35,"b:88:30:88:42:88:42:88:68":8,"b:91:9:91:Infinity:92:10:95:Infinity":9,"f:94:39:94:50":10,"s:94:60:94:96":36,"f:99:44:99:55":11,"s:99:65:99:95":37,"f:103:50:103:61":12,"s:103:71:103:104":38,"b:105:54:105:69:105:69:105:119":10,"b:105:88:105:100:105:100:105:119":11,"f:107:52:107:67":13,"s:107:67:107:Infinity":39,"b:107:94:107:107:107:107:107:114":12,"b:108:28:108:49:108:49:108:Infinity":13},"fnNames":{}}}
,"/Users/ray/Development/team-flow/frontend/src/pages/TaskBoardPage.tsx": {"path":"/Users/ray/Development/team-flow/frontend/src/pages/TaskBoardPage.tsx","statementMap":{"0":{"start":{"line":22,"column":4},"end":{"line":22,"column":null}},"1":{"start":{"line":23,"column":4},"end":{"line":23,"column":null}},"2":{"start":{"line":28,"column":2},"end":{"line":28,"column":null}},"3":{"start":{"line":28,"column":54},"end":{"line":28,"column":86}},"4":{"start":{"line":32,"column":19},"end":{"line":40,"column":null}},"5":{"start":{"line":41,"column":2},"end":{"line":41,"column":null}},"6":{"start":{"line":41,"column":20},"end":{"line":41,"column":null}},"7":{"start":{"line":42,"column":2},"end":{"line":42,"column":null}},"8":{"start":{"line":46,"column":24},"end":{"line":46,"column":57}},"9":{"start":{"line":47,"column":28},"end":{"line":47,"column":null}},"10":{"start":{"line":48,"column":28},"end":{"line":48,"column":null}},"11":{"start":{"line":49,"column":30},"end":{"line":49,"column":null}},"12":{"start":{"line":50,"column":34},"end":{"line":50,"column":null}},"13":{"start":{"line":51,"column":42},"end":{"line":51,"column":null}},"14":{"start":{"line":52,"column":46},"end":{"line":52,"column":null}},"15":{"start":{"line":53,"column":46},"end":{"line":53,"column":null}},"16":{"start":{"line":54,"column":32},"end":{"line":54,"column":null}},"17":{"start":{"line":55,"column":32},"end":{"line":55,"column":null}},"18":{"start":{"line":56,"column":42},"end":{"line":56,"column":null}},"19":{"start":{"line":57,"column":36},"end":{"line":57,"column":null}},"20":{"start":{"line":58,"column":38},"end":{"line":58,"column":null}},"21":{"start":{"line":59,"column":42},"end":{"line":59,"column":null}},"22":{"start":{"line":60,"column":40},"end":{"line":60,"column":null}},"23":{"start":{"line":61,"column":34},"end":{"line":61,"column":null}},"24":{"start":{"line":62,"column":40},"end":{"line":62,"column":null}},"25":{"start":{"line":63,"column":40},"end":{"line":63,"column":null}},"26":{"start":{"line":65,"column":20},"end":{"line":73,"column":null}},"27":{"start":{"line":66,"column":4},"end":{"line":66,"column":null}},"28":{"start":{"line":66,"column":20},"end":{"line":66,"column":null}},"29":{"start":{"line":67,"column":18},"end":{"line":67,"column":null}},"30":{"start":{"line":68,"column":4},"end":{"line":68,"column":null}},"31":{"start":{"line":68,"column":22},"end":{"line":68,"column":null}},"32":{"start":{"line":69,"column":4},"end":{"line":69,"column":null}},"33":{"start":{"line":69,"column":24},"end":{"line":69,"column":null}},"34":{"start":{"line":70,"column":4},"end":{"line":70,"column":null}},"35":{"start":{"line":70,"column":31},"end":{"line":70,"column":null}},"36":{"start":{"line":71,"column":18},"end":{"line":71,"column":null}},"37":{"start":{"line":72,"column":4},"end":{"line":72,"column":null}},"38":{"start":{"line":75,"column":2},"end":{"line":80,"column":null}},"39":{"start":{"line":76,"column":4},"end":{"line":79,"column":null}},"40":{"start":{"line":77,"column":18},"end":{"line":77,"column":29}},"41":{"start":{"line":78,"column":33},"end":{"line":78,"column":108}},"42":{"start":{"line":79,"column":21},"end":{"line":79,"column":38}},"43":{"start":{"line":83,"column":4},"end":{"line":83,"column":null}},"44":{"start":{"line":84,"column":4},"end":{"line":84,"column":null}},"45":{"start":{"line":84,"column":20},"end":{"line":84,"column":null}},"46":{"start":{"line":85,"column":4},"end":{"line":95,"column":null}},"47":{"start":{"line":86,"column":6},"end":{"line":89,"column":null}},"48":{"start":{"line":90,"column":6},"end":{"line":90,"column":null}},"49":{"start":{"line":91,"column":6},"end":{"line":91,"column":null}},"50":{"start":{"line":92,"column":6},"end":{"line":92,"column":null}},"51":{"start":{"line":94,"column":6},"end":{"line":94,"column":null}},"52":{"start":{"line":99,"column":4},"end":{"line":99,"column":null}},"53":{"start":{"line":100,"column":4},"end":{"line":100,"column":null}},"54":{"start":{"line":101,"column":4},"end":{"line":101,"column":null}},"55":{"start":{"line":102,"column":4},"end":{"line":102,"column":null}},"56":{"start":{"line":103,"column":4},"end":{"line":103,"column":null}},"57":{"start":{"line":104,"column":4},"end":{"line":113,"column":null}},"58":{"start":{"line":105,"column":39},"end":{"line":108,"column":null}},"59":{"start":{"line":109,"column":6},"end":{"line":109,"column":null}},"60":{"start":{"line":110,"column":6},"end":{"line":110,"column":null}},"61":{"start":{"line":112,"column":6},"end":{"line":112,"column":null}},"62":{"start":{"line":117,"column":4},"end":{"line":117,"column":null}},"63":{"start":{"line":118,"column":4},"end":{"line":118,"column":null}},"64":{"start":{"line":118,"column":23},"end":{"line":118,"column":null}},"65":{"start":{"line":119,"column":4},"end":{"line":133,"column":null}},"66":{"start":{"line":120,"column":23},"end":{"line":123,"column":null}},"67":{"start":{"line":124,"column":6},"end":{"line":124,"column":null}},"68":{"start":{"line":124,"column":28},"end":{"line":124,"column":90}},"69":{"start":{"line":124,"column":50},"end":{"line":124,"column":89}},"70":{"start":{"line":125,"column":6},"end":{"line":125,"column":null}},"71":{"start":{"line":126,"column":6},"end":{"line":126,"column":null}},"72":{"start":{"line":127,"column":6},"end":{"line":127,"column":null}},"73":{"start":{"line":129,"column":6},"end":{"line":129,"column":null}},"74":{"start":{"line":129,"column":61},"end":{"line":129,"column":null}},"75":{"start":{"line":130,"column":6},"end":{"line":132,"column":null}},"76":{"start":{"line":137,"column":4},"end":{"line":137,"column":null}},"77":{"start":{"line":137,"column":23},"end":{"line":137,"column":null}},"78":{"start":{"line":138,"column":4},"end":{"line":145,"column":null}},"79":{"start":{"line":139,"column":21},"end":{"line":139,"column":null}},"80":{"start":{"line":140,"column":6},"end":{"line":140,"column":null}},"81":{"start":{"line":140,"column":28},"end":{"line":140,"column":86}},"82":{"start":{"line":140,"column":50},"end":{"line":140,"column":85}},"83":{"start":{"line":141,"column":6},"end":{"line":141,"column":null}},"84":{"start":{"line":142,"column":6},"end":{"line":142,"column":null}},"85":{"start":{"line":144,"column":6},"end":{"line":144,"column":null}},"86":{"start":{"line":149,"column":4},"end":{"line":149,"column":null}},"87":{"start":{"line":149,"column":75},"end":{"line":149,"column":null}},"88":{"start":{"line":150,"column":4},"end":{"line":157,"column":null}},"89":{"start":{"line":151,"column":6},"end":{"line":151,"column":null}},"90":{"start":{"line":152,"column":6},"end":{"line":152,"column":null}},"91":{"start":{"line":152,"column":28},"end":{"line":152,"column":81}},"92":{"start":{"line":152,"column":53},"end":{"line":152,"column":80}},"93":{"start":{"line":153,"column":6},"end":{"line":153,"column":null}},"94":{"start":{"line":154,"column":6},"end":{"line":154,"column":null}},"95":{"start":{"line":156,"column":6},"end":{"line":156,"column":null}},"96":{"start":{"line":161,"column":4},"end":{"line":161,"column":null}},"97":{"start":{"line":162,"column":4},"end":{"line":162,"column":null}},"98":{"start":{"line":162,"column":23},"end":{"line":162,"column":null}},"99":{"start":{"line":163,"column":4},"end":{"line":172,"column":null}},"100":{"start":{"line":164,"column":23},"end":{"line":166,"column":null}},"101":{"start":{"line":167,"column":6},"end":{"line":167,"column":null}},"102":{"start":{"line":167,"column":31},"end":{"line":167,"column":52}},"103":{"start":{"line":168,"column":6},"end":{"line":168,"column":null}},"104":{"start":{"line":169,"column":6},"end":{"line":169,"column":null}},"105":{"start":{"line":171,"column":6},"end":{"line":171,"column":null}},"106":{"start":{"line":175,"column":2},"end":{"line":175,"column":null}},"107":{"start":{"line":175,"column":15},"end":{"line":175,"column":null}},"108":{"start":{"line":177,"column":2},"end":{"line":236,"column":null}},"109":{"start":{"line":184,"column":52},"end":{"line":184,"column":82}},"110":{"start":{"line":188,"column":54},"end":{"line":188,"column":null}},"111":{"start":{"line":196,"column":56},"end":{"line":196,"column":null}},"112":{"start":{"line":204,"column":59},"end":{"line":204,"column":83}},"113":{"start":{"line":204,"column":83},"end":{"line":204,"column":100}},"114":{"start":{"line":205,"column":78},"end":{"line":205,"column":138}},"115":{"start":{"line":206,"column":82},"end":{"line":206,"column":146}},"116":{"start":{"line":207,"column":77},"end":{"line":207,"column":116}},"117":{"start":{"line":209,"column":71},"end":{"line":209,"column":92}},"118":{"start":{"line":209,"column":92},"end":{"line":209,"column":115}},"119":{"start":{"line":209,"column":115},"end":{"line":209,"column":138}},"120":{"start":{"line":213,"column":31},"end":{"line":213,"column":215}},"121":{"start":{"line":213,"column":110},"end":{"line":213,"column":128}},"122":{"start":{"line":220,"column":70},"end":{"line":220,"column":104}},"123":{"start":{"line":221,"column":73},"end":{"line":221,"column":126}},"124":{"start":{"line":222,"column":77},"end":{"line":222,"column":134}},"125":{"start":{"line":228,"column":124},"end":{"line":228,"column":160}},"126":{"start":{"line":229,"column":140},"end":{"line":229,"column":180}},"127":{"start":{"line":231,"column":143},"end":{"line":231,"column":181}}},"fnMap":{"0":{"name":"constructor","decl":{"start":{"line":21,"column":2},"end":{"line":21,"column":14}},"loc":{"start":{"line":21,"column":30},"end":{"line":24,"column":null}},"line":21},"1":{"name":"csrfToken","decl":{"start":{"line":27,"column":9},"end":{"line":27,"column":21}},"loc":{"start":{"line":27,"column":21},"end":{"line":29,"column":null}},"line":27},"2":{"name":"(anonymous_2)","decl":{"start":{"line":28,"column":37},"end":{"line":28,"column":43}},"loc":{"start":{"line":28,"column":54},"end":{"line":28,"column":86}},"line":28},"3":{"name":"request","decl":{"start":{"line":31,"column":15},"end":{"line":31,"column":23}},"loc":{"start":{"line":31,"column":63},"end":{"line":43,"column":null}},"line":31},"4":{"name":"TaskBoardPage","decl":{"start":{"line":45,"column":16},"end":{"line":45,"column":32}},"loc":{"start":{"line":45,"column":32},"end":{"line":238,"column":null}},"line":45},"5":{"name":"(anonymous_5)","decl":{"start":{"line":65,"column":32},"end":{"line":65,"column":44}},"loc":{"start":{"line":65,"column":44},"end":{"line":73,"column":5}},"line":65},"6":{"name":"(anonymous_6)","decl":{"start":{"line":75,"column":2},"end":{"line":75,"column":18}},"loc":{"start":{"line":75,"column":18},"end":{"line":80,"column":5}},"line":75},"7":{"name":"(anonymous_7)","decl":{"start":{"line":77,"column":7},"end":{"line":77,"column":18}},"loc":{"start":{"line":77,"column":18},"end":{"line":77,"column":29}},"line":77},"8":{"name":"(anonymous_8)","decl":{"start":{"line":78,"column":7},"end":{"line":78,"column":14}},"loc":{"start":{"line":78,"column":33},"end":{"line":78,"column":108}},"line":78},"9":{"name":"(anonymous_9)","decl":{"start":{"line":79,"column":7},"end":{"line":79,"column":21}},"loc":{"start":{"line":79,"column":21},"end":{"line":79,"column":38}},"line":79},"10":{"name":"createTask","decl":{"start":{"line":82,"column":17},"end":{"line":82,"column":28}},"loc":{"start":{"line":82,"column":63},"end":{"line":96,"column":null}},"line":82},"11":{"name":"selectTask","decl":{"start":{"line":98,"column":17},"end":{"line":98,"column":28}},"loc":{"start":{"line":98,"column":40},"end":{"line":114,"column":null}},"line":98},"12":{"name":"updateTask","decl":{"start":{"line":116,"column":17},"end":{"line":116,"column":28}},"loc":{"start":{"line":116,"column":63},"end":{"line":134,"column":null}},"line":116},"13":{"name":"(anonymous_13)","decl":{"start":{"line":124,"column":6},"end":{"line":124,"column":16}},"loc":{"start":{"line":124,"column":28},"end":{"line":124,"column":90}},"line":124},"14":{"name":"(anonymous_14)","decl":{"start":{"line":124,"column":36},"end":{"line":124,"column":41}},"loc":{"start":{"line":124,"column":50},"end":{"line":124,"column":89}},"line":124},"15":{"name":"reloadSelectedTask","decl":{"start":{"line":136,"column":17},"end":{"line":136,"column":38}},"loc":{"start":{"line":136,"column":38},"end":{"line":146,"column":null}},"line":136},"16":{"name":"(anonymous_16)","decl":{"start":{"line":140,"column":6},"end":{"line":140,"column":16}},"loc":{"start":{"line":140,"column":28},"end":{"line":140,"column":86}},"line":140},"17":{"name":"(anonymous_17)","decl":{"start":{"line":140,"column":36},"end":{"line":140,"column":41}},"loc":{"start":{"line":140,"column":50},"end":{"line":140,"column":85}},"line":140},"18":{"name":"deleteSelectedTask","decl":{"start":{"line":148,"column":17},"end":{"line":148,"column":38}},"loc":{"start":{"line":148,"column":38},"end":{"line":158,"column":null}},"line":148},"19":{"name":"(anonymous_19)","decl":{"start":{"line":152,"column":6},"end":{"line":152,"column":16}},"loc":{"start":{"line":152,"column":28},"end":{"line":152,"column":81}},"line":152},"20":{"name":"(anonymous_20)","decl":{"start":{"line":152,"column":36},"end":{"line":152,"column":44}},"loc":{"start":{"line":152,"column":53},"end":{"line":152,"column":80}},"line":152},"21":{"name":"addComment","decl":{"start":{"line":160,"column":17},"end":{"line":160,"column":28}},"loc":{"start":{"line":160,"column":63},"end":{"line":173,"column":null}},"line":160},"22":{"name":"(anonymous_22)","decl":{"start":{"line":167,"column":6},"end":{"line":167,"column":19}},"loc":{"start":{"line":167,"column":31},"end":{"line":167,"column":52}},"line":167},"23":{"name":"(anonymous_23)","decl":{"start":{"line":184,"column":31},"end":{"line":184,"column":42}},"loc":{"start":{"line":184,"column":52},"end":{"line":184,"column":82}},"line":184},"24":{"name":"(anonymous_24)","decl":{"start":{"line":188,"column":33},"end":{"line":188,"column":44}},"loc":{"start":{"line":188,"column":54},"end":{"line":188,"column":null}},"line":188},"25":{"name":"(anonymous_25)","decl":{"start":{"line":196,"column":35},"end":{"line":196,"column":46}},"loc":{"start":{"line":196,"column":56},"end":{"line":196,"column":null}},"line":196},"26":{"name":"(anonymous_26)","decl":{"start":{"line":204,"column":36},"end":{"line":204,"column":47}},"loc":{"start":{"line":204,"column":57},"end":{"line":204,"column":null}},"line":204},"27":{"name":"(anonymous_27)","decl":{"start":{"line":205,"column":57},"end":{"line":205,"column":68}},"loc":{"start":{"line":205,"column":78},"end":{"line":205,"column":138}},"line":205},"28":{"name":"(anonymous_28)","decl":{"start":{"line":206,"column":61},"end":{"line":206,"column":72}},"loc":{"start":{"line":206,"column":82},"end":{"line":206,"column":146}},"line":206},"29":{"name":"(anonymous_29)","decl":{"start":{"line":207,"column":56},"end":{"line":207,"column":67}},"loc":{"start":{"line":207,"column":77},"end":{"line":207,"column":116}},"line":207},"30":{"name":"(anonymous_30)","decl":{"start":{"line":209,"column":54},"end":{"line":209,"column":69}},"loc":{"start":{"line":209,"column":69},"end":{"line":209,"column":141}},"line":209},"31":{"name":"(anonymous_31)","decl":{"start":{"line":213,"column":17},"end":{"line":213,"column":22}},"loc":{"start":{"line":213,"column":31},"end":{"line":213,"column":215}},"line":213},"32":{"name":"(anonymous_32)","decl":{"start":{"line":213,"column":95},"end":{"line":213,"column":110}},"loc":{"start":{"line":213,"column":110},"end":{"line":213,"column":128}},"line":213},"33":{"name":"(anonymous_33)","decl":{"start":{"line":220,"column":49},"end":{"line":220,"column":60}},"loc":{"start":{"line":220,"column":70},"end":{"line":220,"column":104}},"line":220},"34":{"name":"(anonymous_34)","decl":{"start":{"line":221,"column":52},"end":{"line":221,"column":63}},"loc":{"start":{"line":221,"column":73},"end":{"line":221,"column":126}},"line":221},"35":{"name":"(anonymous_35)","decl":{"start":{"line":222,"column":56},"end":{"line":222,"column":67}},"loc":{"start":{"line":222,"column":77},"end":{"line":222,"column":134}},"line":222},"36":{"name":"(anonymous_36)","decl":{"start":{"line":228,"column":103},"end":{"line":228,"column":114}},"loc":{"start":{"line":228,"column":124},"end":{"line":228,"column":160}},"line":228},"37":{"name":"(anonymous_37)","decl":{"start":{"line":229,"column":123},"end":{"line":229,"column":128}},"loc":{"start":{"line":229,"column":140},"end":{"line":229,"column":180}},"line":229},"38":{"name":"(anonymous_38)","decl":{"start":{"line":231,"column":128},"end":{"line":231,"column":133}},"loc":{"start":{"line":231,"column":143},"end":{"line":231,"column":181}},"line":231}},"branchMap":{"0":{"loc":{"start":{"line":31,"column":36},"end":{"line":31,"column":63}},"type":"default-arg","locations":[{"start":{"line":31,"column":59},"end":{"line":31,"column":63}}],"line":31},"1":{"loc":{"start":{"line":37,"column":10},"end":{"line":37,"column":null}},"type":"cond-expr","locations":[{"start":{"line":37,"column":55},"end":{"line":37,"column":95}},{"start":{"line":37,"column":95},"end":{"line":37,"column":null}}],"line":37},"2":{"loc":{"start":{"line":37,"column":10},"end":{"line":37,"column":55}},"type":"binary-expr","locations":[{"start":{"line":37,"column":10},"end":{"line":37,"column":28}},{"start":{"line":37,"column":28},"end":{"line":37,"column":55}}],"line":37},"3":{"loc":{"start":{"line":37,"column":73},"end":{"line":37,"column":91}},"type":"binary-expr","locations":[{"start":{"line":37,"column":73},"end":{"line":37,"column":88}},{"start":{"line":37,"column":88},"end":{"line":37,"column":91}}],"line":37},"4":{"loc":{"start":{"line":41,"column":2},"end":{"line":41,"column":null}},"type":"if","locations":[{"start":{"line":41,"column":2},"end":{"line":41,"column":null}},{"start":{},"end":{}}],"line":41},"5":{"loc":{"start":{"line":42,"column":9},"end":{"line":42,"column":null}},"type":"cond-expr","locations":[{"start":{"line":42,"column":35},"end":{"line":42,"column":42}},{"start":{"line":42,"column":42},"end":{"line":42,"column":null}}],"line":42},"6":{"loc":{"start":{"line":66,"column":4},"end":{"line":66,"column":null}},"type":"if","locations":[{"start":{"line":66,"column":4},"end":{"line":66,"column":null}},{"start":{},"end":{}}],"line":66},"7":{"loc":{"start":{"line":68,"column":4},"end":{"line":68,"column":null}},"type":"if","locations":[{"start":{"line":68,"column":4},"end":{"line":68,"column":null}},{"start":{},"end":{}}],"line":68},"8":{"loc":{"start":{"line":69,"column":4},"end":{"line":69,"column":null}},"type":"if","locations":[{"start":{"line":69,"column":4},"end":{"line":69,"column":null}},{"start":{},"end":{}}],"line":69},"9":{"loc":{"start":{"line":70,"column":4},"end":{"line":70,"column":null}},"type":"if","locations":[{"start":{"line":70,"column":4},"end":{"line":70,"column":null}},{"start":{},"end":{}}],"line":70},"10":{"loc":{"start":{"line":78,"column":44},"end":{"line":78,"column":107}},"type":"cond-expr","locations":[{"start":{"line":78,"column":69},"end":{"line":78,"column":85}},{"start":{"line":78,"column":85},"end":{"line":78,"column":107}}],"line":78},"11":{"loc":{"start":{"line":84,"column":4},"end":{"line":84,"column":null}},"type":"if","locations":[{"start":{"line":84,"column":4},"end":{"line":84,"column":null}},{"start":{},"end":{}}],"line":84},"12":{"loc":{"start":{"line":94,"column":17},"end":{"line":94,"column":81}},"type":"cond-expr","locations":[{"start":{"line":94,"column":42},"end":{"line":94,"column":58}},{"start":{"line":94,"column":58},"end":{"line":94,"column":81}}],"line":94},"13":{"loc":{"start":{"line":112,"column":17},"end":{"line":112,"column":87}},"type":"cond-expr","locations":[{"start":{"line":112,"column":42},"end":{"line":112,"column":58}},{"start":{"line":112,"column":58},"end":{"line":112,"column":87}}],"line":112},"14":{"loc":{"start":{"line":118,"column":4},"end":{"line":118,"column":null}},"type":"if","locations":[{"start":{"line":118,"column":4},"end":{"line":118,"column":null}},{"start":{},"end":{}}],"line":118},"15":{"loc":{"start":{"line":124,"column":50},"end":{"line":124,"column":89}},"type":"cond-expr","locations":[{"start":{"line":124,"column":75},"end":{"line":124,"column":85}},{"start":{"line":124,"column":85},"end":{"line":124,"column":89}}],"line":124},"16":{"loc":{"start":{"line":129,"column":6},"end":{"line":129,"column":null}},"type":"if","locations":[{"start":{"line":129,"column":6},"end":{"line":129,"column":null}},{"start":{},"end":{}}],"line":129},"17":{"loc":{"start":{"line":129,"column":10},"end":{"line":129,"column":61}},"type":"binary-expr","locations":[{"start":{"line":129,"column":10},"end":{"line":129,"column":39}},{"start":{"line":129,"column":39},"end":{"line":129,"column":61}}],"line":129},"18":{"loc":{"start":{"line":130,"column":17},"end":{"line":132,"column":74}},"type":"cond-expr","locations":[{"start":{"line":131,"column":10},"end":{"line":131,"column":null}},{"start":{"line":132,"column":10},"end":{"line":132,"column":74}}],"line":130},"19":{"loc":{"start":{"line":130,"column":17},"end":{"line":130,"column":null}},"type":"binary-expr","locations":[{"start":{"line":130,"column":17},"end":{"line":130,"column":46}},{"start":{"line":130,"column":46},"end":{"line":130,"column":null}}],"line":130},"20":{"loc":{"start":{"line":132,"column":10},"end":{"line":132,"column":74}},"type":"cond-expr","locations":[{"start":{"line":132,"column":35},"end":{"line":132,"column":51}},{"start":{"line":132,"column":51},"end":{"line":132,"column":74}}],"line":132},"21":{"loc":{"start":{"line":137,"column":4},"end":{"line":137,"column":null}},"type":"if","locations":[{"start":{"line":137,"column":4},"end":{"line":137,"column":null}},{"start":{},"end":{}}],"line":137},"22":{"loc":{"start":{"line":140,"column":50},"end":{"line":140,"column":85}},"type":"cond-expr","locations":[{"start":{"line":140,"column":73},"end":{"line":140,"column":81}},{"start":{"line":140,"column":81},"end":{"line":140,"column":85}}],"line":140},"23":{"loc":{"start":{"line":144,"column":17},"end":{"line":144,"column":81}},"type":"cond-expr","locations":[{"start":{"line":144,"column":42},"end":{"line":144,"column":58}},{"start":{"line":144,"column":58},"end":{"line":144,"column":81}}],"line":144},"24":{"loc":{"start":{"line":149,"column":4},"end":{"line":149,"column":null}},"type":"if","locations":[{"start":{"line":149,"column":4},"end":{"line":149,"column":null}},{"start":{},"end":{}}],"line":149},"25":{"loc":{"start":{"line":149,"column":8},"end":{"line":149,"column":75}},"type":"binary-expr","locations":[{"start":{"line":149,"column":8},"end":{"line":149,"column":25}},{"start":{"line":149,"column":25},"end":{"line":149,"column":75}}],"line":149},"26":{"loc":{"start":{"line":156,"column":17},"end":{"line":156,"column":81}},"type":"cond-expr","locations":[{"start":{"line":156,"column":42},"end":{"line":156,"column":58}},{"start":{"line":156,"column":58},"end":{"line":156,"column":81}}],"line":156},"27":{"loc":{"start":{"line":162,"column":4},"end":{"line":162,"column":null}},"type":"if","locations":[{"start":{"line":162,"column":4},"end":{"line":162,"column":null}},{"start":{},"end":{}}],"line":162},"28":{"loc":{"start":{"line":171,"column":17},"end":{"line":171,"column":81}},"type":"cond-expr","locations":[{"start":{"line":171,"column":42},"end":{"line":171,"column":58}},{"start":{"line":171,"column":58},"end":{"line":171,"column":81}}],"line":171},"29":{"loc":{"start":{"line":175,"column":2},"end":{"line":175,"column":null}},"type":"if","locations":[{"start":{"line":175,"column":2},"end":{"line":175,"column":null}},{"start":{},"end":{}}],"line":175},"30":{"loc":{"start":{"line":211,"column":7},"end":{"line":214,"column":null}},"type":"cond-expr","locations":[{"start":{"line":211,"column":28},"end":{"line":212,"column":9}},{"start":{"line":212,"column":8},"end":{"line":214,"column":null}}],"line":211},"31":{"loc":{"start":{"line":216,"column":7},"end":{"line":232,"column":null}},"type":"binary-expr","locations":[{"start":{"line":216,"column":7},"end":{"line":216,"column":null}},{"start":{"line":217,"column":8},"end":{"line":232,"column":null}}],"line":216},"32":{"loc":{"start":{"line":226,"column":11},"end":{"line":226,"column":null}},"type":"binary-expr","locations":[{"start":{"line":226,"column":11},"end":{"line":226,"column":26}},{"start":{"line":226,"column":26},"end":{"line":226,"column":null}}],"line":226},"33":{"loc":{"start":{"line":229,"column":11},"end":{"line":229,"column":null}},"type":"cond-expr","locations":[{"start":{"line":229,"column":35},"end":{"line":229,"column":86}},{"start":{"line":229,"column":85},"end":{"line":229,"column":null}}],"line":229},"34":{"loc":{"start":{"line":231,"column":11},"end":{"line":231,"column":null}},"type":"cond-expr","locations":[{"start":{"line":231,"column":38},"end":{"line":231,"column":88}},{"start":{"line":231,"column":87},"end":{"line":231,"column":null}}],"line":231}},"s":{"0":1,"1":1,"2":1,"3":1,"4":12,"5":12,"6":1,"7":11,"8":10,"9":10,"10":10,"11":10,"12":10,"13":10,"14":10,"15":10,"16":10,"17":10,"18":10,"19":10,"20":10,"21":10,"22":10,"23":10,"24":10,"25":10,"26":10,"27":3,"28":0,"29":3,"30":3,"31":1,"32":3,"33":0,"34":3,"35":0,"36":3,"37":3,"38":10,"39":3,"40":3,"41":0,"42":3,"43":0,"44":0,"45":0,"46":0,"47":0,"48":0,"49":0,"50":0,"51":0,"52":2,"53":2,"54":2,"55":2,"56":2,"57":2,"58":2,"59":2,"60":2,"61":0,"62":1,"63":1,"64":0,"65":1,"66":1,"67":0,"68":0,"69":0,"70":0,"71":0,"72":0,"73":1,"74":1,"75":1,"76":1,"77":0,"78":1,"79":1,"80":1,"81":1,"82":1,"83":1,"84":1,"85":0,"86":0,"87":0,"88":0,"89":0,"90":0,"91":0,"92":0,"93":0,"94":0,"95":0,"96":0,"97":0,"98":0,"99":0,"100":0,"101":0,"102":0,"103":0,"104":0,"105":0,"106":10,"107":2,"108":8,"109":0,"110":0,"111":0,"112":0,"113":0,"114":1,"115":0,"116":0,"117":0,"118":0,"119":0,"120":5,"121":1,"122":0,"123":0,"124":0,"125":0,"126":0,"127":0},"f":{"0":1,"1":1,"2":1,"3":12,"4":10,"5":3,"6":3,"7":3,"8":0,"9":3,"10":0,"11":2,"12":1,"13":0,"14":0,"15":1,"16":1,"17":1,"18":0,"19":0,"20":0,"21":0,"22":0,"23":0,"24":0,"25":0,"26":0,"27":1,"28":0,"29":0,"30":0,"31":5,"32":1,"33":0,"34":0,"35":0,"36":0,"37":0,"38":0},"b":{"0":[12],"1":[1,11],"2":[12,1],"3":[1,1],"4":[1,11],"5":[2,9],"6":[0,3],"7":[1,2],"8":[0,3],"9":[0,3],"10":[0,0],"11":[0,0],"12":[0,0],"13":[0,0],"14":[0,1],"15":[0,0],"16":[1,0],"17":[1,1],"18":[1,0],"19":[1,1],"20":[0,0],"21":[0,1],"22":[1,0],"23":[0,0],"24":[0,0],"25":[0,0],"26":[0,0],"27":[0,0],"28":[0,0],"29":[2,8],"30":[3,5],"31":[10,4],"32":[4,1],"33":[4,0],"34":[4,0]},"meta":{"lastBranch":35,"lastFunction":39,"lastStatement":128,"seen":{"f:21:2:21:14":0,"s:22:4:22:Infinity":0,"s:23:4:23:Infinity":1,"f:27:9:27:21":1,"s:28:2:28:Infinity":2,"f:28:37:28:43":2,"s:28:54:28:86":3,"f:31:15:31:23":3,"b:31:59:31:63":0,"s:32:19:40:Infinity":4,"b:37:55:37:95:37:95:37:Infinity":1,"b:37:10:37:28:37:28:37:55":2,"b:37:73:37:88:37:88:37:91":3,"b:41:2:41:Infinity:undefined:undefined:undefined:undefined":4,"s:41:2:41:Infinity":5,"s:41:20:41:Infinity":6,"s:42:2:42:Infinity":7,"b:42:35:42:42:42:42:42:Infinity":5,"f:45:16:45:32":4,"s:46:24:46:57":8,"s:47:28:47:Infinity":9,"s:48:28:48:Infinity":10,"s:49:30:49:Infinity":11,"s:50:34:50:Infinity":12,"s:51:42:51:Infinity":13,"s:52:46:52:Infinity":14,"s:53:46:53:Infinity":15,"s:54:32:54:Infinity":16,"s:55:32:55:Infinity":17,"s:56:42:56:Infinity":18,"s:57:36:57:Infinity":19,"s:58:38:58:Infinity":20,"s:59:42:59:Infinity":21,"s:60:40:60:Infinity":22,"s:61:34:61:Infinity":23,"s:62:40:62:Infinity":24,"s:63:40:63:Infinity":25,"s:65:20:73:Infinity":26,"f:65:32:65:44":5,"b:66:4:66:Infinity:undefined:undefined:undefined:undefined":6,"s:66:4:66:Infinity":27,"s:66:20:66:Infinity":28,"s:67:18:67:Infinity":29,"b:68:4:68:Infinity:undefined:undefined:undefined:undefined":7,"s:68:4:68:Infinity":30,"s:68:22:68:Infinity":31,"b:69:4:69:Infinity:undefined:undefined:undefined:undefined":8,"s:69:4:69:Infinity":32,"s:69:24:69:Infinity":33,"b:70:4:70:Infinity:undefined:undefined:undefined:undefined":9,"s:70:4:70:Infinity":34,"s:70:31:70:Infinity":35,"s:71:18:71:Infinity":36,"s:72:4:72:Infinity":37,"s:75:2:80:Infinity":38,"f:75:2:75:18":6,"s:76:4:79:Infinity":39,"f:77:7:77:18":7,"s:77:18:77:29":40,"f:78:7:78:14":8,"s:78:33:78:108":41,"b:78:69:78:85:78:85:78:107":10,"f:79:7:79:21":9,"s:79:21:79:38":42,"f:82:17:82:28":10,"s:83:4:83:Infinity":43,"b:84:4:84:Infinity:undefined:undefined:undefined:undefined":11,"s:84:4:84:Infinity":44,"s:84:20:84:Infinity":45,"s:85:4:95:Infinity":46,"s:86:6:89:Infinity":47,"s:90:6:90:Infinity":48,"s:91:6:91:Infinity":49,"s:92:6:92:Infinity":50,"s:94:6:94:Infinity":51,"b:94:42:94:58:94:58:94:81":12,"f:98:17:98:28":11,"s:99:4:99:Infinity":52,"s:100:4:100:Infinity":53,"s:101:4:101:Infinity":54,"s:102:4:102:Infinity":55,"s:103:4:103:Infinity":56,"s:104:4:113:Infinity":57,"s:105:39:108:Infinity":58,"s:109:6:109:Infinity":59,"s:110:6:110:Infinity":60,"s:112:6:112:Infinity":61,"b:112:42:112:58:112:58:112:87":13,"f:116:17:116:28":12,"s:117:4:117:Infinity":62,"b:118:4:118:Infinity:undefined:undefined:undefined:undefined":14,"s:118:4:118:Infinity":63,"s:118:23:118:Infinity":64,"s:119:4:133:Infinity":65,"s:120:23:123:Infinity":66,"s:124:6:124:Infinity":67,"f:124:6:124:16":13,"s:124:28:124:90":68,"f:124:36:124:41":14,"s:124:50:124:89":69,"b:124:75:124:85:124:85:124:89":15,"s:125:6:125:Infinity":70,"s:126:6:126:Infinity":71,"s:127:6:127:Infinity":72,"b:129:6:129:Infinity:undefined:undefined:undefined:undefined":16,"s:129:6:129:Infinity":73,"b:129:10:129:39:129:39:129:61":17,"s:129:61:129:Infinity":74,"s:130:6:132:Infinity":75,"b:131:10:131:Infinity:132:10:132:74":18,"b:130:17:130:46:130:46:130:Infinity":19,"b:132:35:132:51:132:51:132:74":20,"f:136:17:136:38":15,"b:137:4:137:Infinity:undefined:undefined:undefined:undefined":21,"s:137:4:137:Infinity":76,"s:137:23:137:Infinity":77,"s:138:4:145:Infinity":78,"s:139:21:139:Infinity":79,"s:140:6:140:Infinity":80,"f:140:6:140:16":16,"s:140:28:140:86":81,"f:140:36:140:41":17,"s:140:50:140:85":82,"b:140:73:140:81:140:81:140:85":22,"s:141:6:141:Infinity":83,"s:142:6:142:Infinity":84,"s:144:6:144:Infinity":85,"b:144:42:144:58:144:58:144:81":23,"f:148:17:148:38":18,"b:149:4:149:Infinity:undefined:undefined:undefined:undefined":24,"s:149:4:149:Infinity":86,"b:149:8:149:25:149:25:149:75":25,"s:149:75:149:Infinity":87,"s:150:4:157:Infinity":88,"s:151:6:151:Infinity":89,"s:152:6:152:Infinity":90,"f:152:6:152:16":19,"s:152:28:152:81":91,"f:152:36:152:44":20,"s:152:53:152:80":92,"s:153:6:153:Infinity":93,"s:154:6:154:Infinity":94,"s:156:6:156:Infinity":95,"b:156:42:156:58:156:58:156:81":26,"f:160:17:160:28":21,"s:161:4:161:Infinity":96,"b:162:4:162:Infinity:undefined:undefined:undefined:undefined":27,"s:162:4:162:Infinity":97,"s:162:23:162:Infinity":98,"s:163:4:172:Infinity":99,"s:164:23:166:Infinity":100,"s:167:6:167:Infinity":101,"f:167:6:167:19":22,"s:167:31:167:52":102,"s:168:6:168:Infinity":103,"s:169:6:169:Infinity":104,"s:171:6:171:Infinity":105,"b:171:42:171:58:171:58:171:81":28,"b:175:2:175:Infinity:undefined:undefined:undefined:undefined":29,"s:175:2:175:Infinity":106,"s:175:15:175:Infinity":107,"s:177:2:236:Infinity":108,"f:184:31:184:42":23,"s:184:52:184:82":109,"f:188:33:188:44":24,"s:188:54:188:Infinity":110,"f:196:35:196:46":25,"s:196:56:196:Infinity":111,"f:204:36:204:47":26,"s:204:59:204:83":112,"s:204:83:204:100":113,"f:205:57:205:68":27,"s:205:78:205:138":114,"f:206:61:206:72":28,"s:206:82:206:146":115,"f:207:56:207:67":29,"s:207:77:207:116":116,"f:209:54:209:69":30,"s:209:71:209:92":117,"s:209:92:209:115":118,"s:209:115:209:138":119,"b:211:28:212:9:212:8:214:Infinity":30,"f:213:17:213:22":31,"s:213:31:213:215":120,"f:213:95:213:110":32,"s:213:110:213:128":121,"b:216:7:216:Infinity:217:8:232:Infinity":31,"f:220:49:220:60":33,"s:220:70:220:104":122,"f:221:52:221:63":34,"s:221:73:221:126":123,"f:222:56:222:67":35,"s:222:77:222:134":124,"b:226:11:226:26:226:26:226:Infinity":32,"f:228:103:228:114":36,"s:228:124:228:160":125,"b:229:35:229:86:229:85:229:Infinity":33,"f:229:123:229:128":37,"s:229:140:229:180":126,"b:231:38:231:88:231:87:231:Infinity":34,"f:231:128:231:133":38,"s:231:143:231:181":127},"fnNames":{}}}
}
