{"/Users/ray/Development/team-flow/frontend/src/components/Forbidden.tsx": {"path":"/Users/ray/Development/team-flow/frontend/src/components/Forbidden.tsx","statementMap":{"0":{"start":{"line":11,"column":2},"end":{"line":11,"column":null}},"1":{"start":{"line":12,"column":2},"end":{"line":37,"column":null}}},"fnMap":{"0":{"name":"Forbidden","decl":{"start":{"line":10,"column":16},"end":{"line":10,"column":26}},"loc":{"start":{"line":10,"column":55},"end":{"line":39,"column":null}},"line":10}},"branchMap":{"0":{"loc":{"start":{"line":27,"column":15},"end":{"line":27,"column":null}},"type":"binary-expr","locations":[{"start":{"line":27,"column":15},"end":{"line":27,"column":26}},{"start":{"line":27,"column":26},"end":{"line":27,"column":null}}],"line":27}},"s":{"0":1,"1":1},"f":{"0":1},"b":{"0":[1,0]},"meta":{"lastBranch":1,"lastFunction":1,"lastStatement":2,"seen":{"f:10:16:10:26":0,"s:11:2:11:Infinity":0,"s:12:2:37:Infinity":1,"b:27:15:27:26:27:26:27:Infinity":0},"fnNames":{}}}
,"/Users/ray/Development/team-flow/frontend/src/components/HealthStatus.tsx": {"path":"/Users/ray/Development/team-flow/frontend/src/components/HealthStatus.tsx","statementMap":{"0":{"start":{"line":10,"column":96},"end":{"line":14,"column":null}},"1":{"start":{"line":17,"column":28},"end":{"line":17,"column":null}},"2":{"start":{"line":18,"column":32},"end":{"line":18,"column":null}},"3":{"start":{"line":20,"column":2},"end":{"line":48,"column":null}},"4":{"start":{"line":21,"column":23},"end":{"line":21,"column":null}},"5":{"start":{"line":23,"column":4},"end":{"line":45,"column":null}},"6":{"start":{"line":25,"column":8},"end":{"line":27,"column":null}},"7":{"start":{"line":26,"column":10},"end":{"line":26,"column":null}},"8":{"start":{"line":28,"column":8},"end":{"line":28,"column":null}},"9":{"start":{"line":31,"column":8},"end":{"line":35,"column":null}},"10":{"start":{"line":32,"column":10},"end":{"line":32,"column":null}},"11":{"start":{"line":33,"column":10},"end":{"line":33,"column":null}},"12":{"start":{"line":34,"column":10},"end":{"line":34,"column":null}},"13":{"start":{"line":36,"column":8},"end":{"line":36,"column":null}},"14":{"start":{"line":37,"column":8},"end":{"line":37,"column":null}},"15":{"start":{"line":40,"column":8},"end":{"line":42,"column":null}},"16":{"start":{"line":41,"column":10},"end":{"line":41,"column":null}},"17":{"start":{"line":43,"column":8},"end":{"line":43,"column":null}},"18":{"start":{"line":44,"column":8},"end":{"line":44,"column":null}},"19":{"start":{"line":47,"column":4},"end":{"line":47,"column":null}},"20":{"start":{"line":47,"column":17},"end":{"line":47,"column":null}},"21":{"start":{"line":50,"column":16},"end":{"line":50,"column":null}},"22":{"start":{"line":52,"column":2},"end":{"line":67,"column":null}}},"fnMap":{"0":{"name":"HealthStatus","decl":{"start":{"line":16,"column":16},"end":{"line":16,"column":31}},"loc":{"start":{"line":16,"column":31},"end":{"line":69,"column":null}},"line":16},"1":{"name":"(anonymous_1)","decl":{"start":{"line":20,"column":2},"end":{"line":20,"column":18}},"loc":{"start":{"line":20,"column":18},"end":{"line":48,"column":5}},"line":20},"2":{"name":"(anonymous_2)","decl":{"start":{"line":24,"column":12},"end":{"line":24,"column":19}},"loc":{"start":{"line":24,"column":32},"end":{"line":29,"column":7}},"line":24},"3":{"name":"(anonymous_3)","decl":{"start":{"line":30,"column":7},"end":{"line":30,"column":13}},"loc":{"start":{"line":30,"column":22},"end":{"line":38,"column":7}},"line":30},"4":{"name":"(anonymous_4)","decl":{"start":{"line":39,"column":7},"end":{"line":39,"column":14}},"loc":{"start":{"line":39,"column":33},"end":{"line":45,"column":7}},"line":39},"5":{"name":"(anonymous_5)","decl":{"start":{"line":47,"column":4},"end":{"line":47,"column":17}},"loc":{"start":{"line":47,"column":17},"end":{"line":47,"column":null}},"line":47}},"branchMap":{"0":{"loc":{"start":{"line":25,"column":8},"end":{"line":27,"column":null}},"type":"if","locations":[{"start":{"line":25,"column":8},"end":{"line":27,"column":null}},{"start":{},"end":{}}],"line":25},"1":{"loc":{"start":{"line":31,"column":8},"end":{"line":35,"column":null}},"type":"if","locations":[{"start":{"line":31,"column":8},"end":{"line":35,"column":null}},{"start":{},"end":{}}],"line":31},"2":{"loc":{"start":{"line":37,"column":35},"end":{"line":37,"column":71}},"type":"binary-expr","locations":[{"start":{"line":37,"column":35},"end":{"line":37,"column":50}},{"start":{"line":37,"column":50},"end":{"line":37,"column":71}}],"line":37},"3":{"loc":{"start":{"line":40,"column":8},"end":{"line":42,"column":null}},"type":"if","locations":[{"start":{"line":40,"column":8},"end":{"line":42,"column":null}},{"start":{},"end":{}}],"line":40},"4":{"loc":{"start":{"line":40,"column":12},"end":{"line":40,"column":74}},"type":"binary-expr","locations":[{"start":{"line":40,"column":12},"end":{"line":40,"column":45}},{"start":{"line":40,"column":45},"end":{"line":40,"column":74}}],"line":40},"5":{"loc":{"start":{"line":44,"column":19},"end":{"line":44,"column":80}},"type":"cond-expr","locations":[{"start":{"line":44,"column":44},"end":{"line":44,"column":60}},{"start":{"line":44,"column":60},"end":{"line":44,"column":80}}],"line":44},"6":{"loc":{"start":{"line":64,"column":11},"end":{"line":64,"column":null}},"type":"cond-expr","locations":[{"start":{"line":64,"column":33},"end":{"line":64,"column":45}},{"start":{"line":64,"column":45},"end":{"line":64,"column":null}}],"line":64}},"s":{"0":1,"1":4,"2":4,"3":4,"4":2,"5":2,"6":2,"7":1,"8":1,"9":1,"10":1,"11":1,"12":1,"13":0,"14":0,"15":1,"16":0,"17":1,"18":1,"19":2,"20":0,"21":4,"22":4},"f":{"0":4,"1":2,"2":2,"3":1,"4":1,"5":0},"b":{"0":[1,1],"1":[1,0],"2":[0,0],"3":[0,1],"4":[1,0],"5":[1,0],"6":[2,2]},"meta":{"lastBranch":7,"lastFunction":6,"lastStatement":23,"seen":{"s:10:96:14:Infinity":0,"f:16:16:16:31":0,"s:17:28:17:Infinity":1,"s:18:32:18:Infinity":2,"s:20:2:48:Infinity":3,"f:20:2:20:18":1,"s:21:23:21:Infinity":4,"s:23:4:45:Infinity":5,"f:24:12:24:19":2,"b:25:8:27:Infinity:undefined:undefined:undefined:undefined":0,"s:25:8:27:Infinity":6,"s:26:10:26:Infinity":7,"s:28:8:28:Infinity":8,"f:30:7:30:13":3,"b:31:8:35:Infinity:undefined:undefined:undefined:undefined":1,"s:31:8:35:Infinity":9,"s:32:10:32:Infinity":10,"s:33:10:33:Infinity":11,"s:34:10:34:Infinity":12,"s:36:8:36:Infinity":13,"s:37:8:37:Infinity":14,"b:37:35:37:50:37:50:37:71":2,"f:39:7:39:14":4,"b:40:8:42:Infinity:undefined:undefined:undefined:undefined":3,"s:40:8:42:Infinity":15,"b:40:12:40:45:40:45:40:74":4,"s:41:10:41:Infinity":16,"s:43:8:43:Infinity":17,"s:44:8:44:Infinity":18,"b:44:44:44:60:44:60:44:80":5,"s:47:4:47:Infinity":19,"f:47:4:47:17":5,"s:47:17:47:Infinity":20,"s:50:16:50:Infinity":21,"s:52:2:67:Infinity":22,"b:64:33:64:45:64:45:64:Infinity":6},"fnNames":{}}}
,"/Users/ray/Development/team-flow/frontend/src/components/QueryError.tsx": {"path":"/Users/ray/Development/team-flow/frontend/src/components/QueryError.tsx","statementMap":{"0":{"start":{"line":16,"column":2},"end":{"line":29,"column":null}}},"fnMap":{"0":{"name":"QueryError","decl":{"start":{"line":15,"column":16},"end":{"line":15,"column":27}},"loc":{"start":{"line":15,"column":111},"end":{"line":31,"column":null}},"line":15}},"branchMap":{"0":{"loc":{"start":{"line":15,"column":29},"end":{"line":15,"column":83}},"type":"default-arg","locations":[{"start":{"line":15,"column":39},"end":{"line":15,"column":83}}],"line":15},"1":{"loc":{"start":{"line":23,"column":9},"end":{"line":28,"column":null}},"type":"binary-expr","locations":[{"start":{"line":23,"column":9},"end":{"line":23,"column":null}},{"start":{"line":24,"column":10},"end":{"line":28,"column":null}}],"line":23}},"s":{"0":0},"f":{"0":0},"b":{"0":[0],"1":[0,0]},"meta":{"lastBranch":2,"lastFunction":1,"lastStatement":1,"seen":{"f:15:16:15:27":0,"b:15:39:15:83":0,"s:16:2:29:Infinity":0,"b:23:9:23:Infinity:24:10:28:Infinity":1},"fnNames":{}}}
,"/Users/ray/Development/team-flow/frontend/src/components/StatusMessage.tsx": {"path":"/Users/ray/Development/team-flow/frontend/src/components/StatusMessage.tsx","statementMap":{"0":{"start":{"line":15,"column":15},"end":{"line":15,"column":null}},"1":{"start":{"line":16,"column":2},"end":{"line":25,"column":null}}},"fnMap":{"0":{"name":"StatusMessage","decl":{"start":{"line":14,"column":16},"end":{"line":14,"column":30}},"loc":{"start":{"line":14,"column":72},"end":{"line":27,"column":null}},"line":14}},"branchMap":{"0":{"loc":{"start":{"line":15,"column":15},"end":{"line":15,"column":null}},"type":"binary-expr","locations":[{"start":{"line":15,"column":15},"end":{"line":15,"column":30}},{"start":{"line":15,"column":30},"end":{"line":15,"column":null}}],"line":15},"1":{"loc":{"start":{"line":20,"column":13},"end":{"line":20,"column":null}},"type":"cond-expr","locations":[{"start":{"line":20,"column":32},"end":{"line":20,"column":40}},{"start":{"line":20,"column":40},"end":{"line":20,"column":null}}],"line":20},"2":{"loc":{"start":{"line":20,"column":40},"end":{"line":20,"column":null}},"type":"cond-expr","locations":[{"start":{"line":20,"column":61},"end":{"line":20,"column":71}},{"start":{"line":20,"column":71},"end":{"line":20,"column":null}}],"line":20},"3":{"loc":{"start":{"line":21,"column":14},"end":{"line":21,"column":null}},"type":"cond-expr","locations":[{"start":{"line":21,"column":33},"end":{"line":21,"column":44}},{"start":{"line":21,"column":44},"end":{"line":21,"column":null}}],"line":21},"4":{"loc":{"start":{"line":24,"column":7},"end":{"line":24,"column":null}},"type":"binary-expr","locations":[{"start":{"line":24,"column":7},"end":{"line":24,"column":22}},{"start":{"line":24,"column":22},"end":{"line":24,"column":null}}],"line":24}},"s":{"0":15,"1":15},"f":{"0":15},"b":{"0":[15,10],"1":[2,13],"2":[3,10],"3":[2,13],"4":[15,10]},"meta":{"lastBranch":5,"lastFunction":1,"lastStatement":2,"seen":{"f:14:16:14:30":0,"s:15:15:15:Infinity":0,"b:15:15:15:30:15:30:15:Infinity":0,"s:16:2:25:Infinity":1,"b:20:32:20:40:20:40:20:Infinity":1,"b:20:61:20:71:20:71:20:Infinity":2,"b:21:33:21:44:21:44:21:Infinity":3,"b:24:7:24:22:24:22:24:Infinity":4},"fnNames":{}}}
,"/Users/ray/Development/team-flow/frontend/src/lib/api.ts": {"path":"/Users/ray/Development/team-flow/frontend/src/lib/api.ts","statementMap":{"0":{"start":{"line":5,"column":4},"end":{"line":5,"column":null}},"1":{"start":{"line":6,"column":4},"end":{"line":6,"column":null}},"2":{"start":{"line":11,"column":2},"end":{"line":11,"column":null}},"3":{"start":{"line":15,"column":2},"end":{"line":15,"column":null}},"4":{"start":{"line":15,"column":54},"end":{"line":15,"column":86}},"5":{"start":{"line":18,"column":47},"end":{"line":18,"column":null}},"6":{"start":{"line":23,"column":2},"end":{"line":23,"column":null}},"7":{"start":{"line":27,"column":19},"end":{"line":35,"column":null}},"8":{"start":{"line":36,"column":2},"end":{"line":38,"column":null}},"9":{"start":{"line":37,"column":4},"end":{"line":37,"column":null}},"10":{"start":{"line":39,"column":2},"end":{"line":42,"column":null}},"11":{"start":{"line":40,"column":21},"end":{"line":40,"column":null}},"12":{"start":{"line":40,"column":55},"end":{"line":40,"column":59}},"13":{"start":{"line":41,"column":4},"end":{"line":41,"column":null}},"14":{"start":{"line":43,"column":2},"end":{"line":43,"column":null}}},"fnMap":{"0":{"name":"constructor","decl":{"start":{"line":4,"column":2},"end":{"line":4,"column":14}},"loc":{"start":{"line":4,"column":47},"end":{"line":7,"column":null}},"line":4},"1":{"name":"isForbidden","decl":{"start":{"line":10,"column":16},"end":{"line":10,"column":28}},"loc":{"start":{"line":10,"column":63},"end":{"line":12,"column":null}},"line":10},"2":{"name":"csrfToken","decl":{"start":{"line":14,"column":16},"end":{"line":14,"column":28}},"loc":{"start":{"line":14,"column":28},"end":{"line":16,"column":null}},"line":14},"3":{"name":"(anonymous_3)","decl":{"start":{"line":15,"column":37},"end":{"line":15,"column":43}},"loc":{"start":{"line":15,"column":54},"end":{"line":15,"column":86}},"line":15},"4":{"name":"onUnauthorized","decl":{"start":{"line":22,"column":16},"end":{"line":22,"column":31}},"loc":{"start":{"line":22,"column":61},"end":{"line":24,"column":null}},"line":22},"5":{"name":"request","decl":{"start":{"line":26,"column":22},"end":{"line":26,"column":30}},"loc":{"start":{"line":26,"column":70},"end":{"line":44,"column":null}},"line":26},"6":{"name":"(anonymous_6)","decl":{"start":{"line":40,"column":43},"end":{"line":40,"column":55}},"loc":{"start":{"line":40,"column":55},"end":{"line":40,"column":59}},"line":40}},"branchMap":{"0":{"loc":{"start":{"line":5,"column":10},"end":{"line":5,"column":48}},"type":"binary-expr","locations":[{"start":{"line":5,"column":10},"end":{"line":5,"column":20}},{"start":{"line":5,"column":20},"end":{"line":5,"column":48}}],"line":5},"1":{"loc":{"start":{"line":11,"column":9},"end":{"line":11,"column":null}},"type":"binary-expr","locations":[{"start":{"line":11,"column":9},"end":{"line":11,"column":38}},{"start":{"line":11,"column":38},"end":{"line":11,"column":null}}],"line":11},"2":{"loc":{"start":{"line":26,"column":43},"end":{"line":26,"column":70}},"type":"default-arg","locations":[{"start":{"line":26,"column":66},"end":{"line":26,"column":70}}],"line":26},"3":{"loc":{"start":{"line":32,"column":10},"end":{"line":32,"column":null}},"type":"cond-expr","locations":[{"start":{"line":32,"column":55},"end":{"line":32,"column":95}},{"start":{"line":32,"column":95},"end":{"line":32,"column":null}}],"line":32},"4":{"loc":{"start":{"line":32,"column":10},"end":{"line":32,"column":55}},"type":"binary-expr","locations":[{"start":{"line":32,"column":10},"end":{"line":32,"column":28}},{"start":{"line":32,"column":28},"end":{"line":32,"column":55}}],"line":32},"5":{"loc":{"start":{"line":32,"column":73},"end":{"line":32,"column":91}},"type":"binary-expr","locations":[{"start":{"line":32,"column":73},"end":{"line":32,"column":88}},{"start":{"line":32,"column":88},"end":{"line":32,"column":91}}],"line":32},"6":{"loc":{"start":{"line":36,"column":2},"end":{"line":38,"column":null}},"type":"if","locations":[{"start":{"line":36,"column":2},"end":{"line":38,"column":null}},{"start":{},"end":{}}],"line":36},"7":{"loc":{"start":{"line":39,"column":2},"end":{"line":42,"column":null}},"type":"if","locations":[{"start":{"line":39,"column":2},"end":{"line":42,"column":null}},{"start":{},"end":{}}],"line":39},"8":{"loc":{"start":{"line":43,"column":9},"end":{"line":43,"column":null}},"type":"cond-expr","locations":[{"start":{"line":43,"column":35},"end":{"line":43,"column":42}},{"start":{"line":43,"column":42},"end":{"line":43,"column":null}}],"line":43}},"s":{"0":3,"1":3,"2":22,"3":2,"4":2,"5":1,"6":0,"7":17,"8":17,"9":0,"10":17,"11":3,"12":0,"13":3,"14":14},"f":{"0":3,"1":22,"2":2,"3":2,"4":0,"5":17,"6":0},"b":{"0":[3,2],"1":[22,4],"2":[17],"3":[2,15],"4":[17,2],"5":[2,2],"6":[0,17],"7":[3,14],"8":[4,10]},"meta":{"lastBranch":9,"lastFunction":7,"lastStatement":15,"seen":{"f:4:2:4:14":0,"s:5:4:5:Infinity":0,"b:5:10:5:20:5:20:5:48":0,"s:6:4:6:Infinity":1,"f:10:16:10:28":1,"s:11:2:11:Infinity":2,"b:11:9:11:38:11:38:11:Infinity":1,"f:14:16:14:28":2,"s:15:2:15:Infinity":3,"f:15:37:15:43":3,"s:15:54:15:86":4,"s:18:47:18:Infinity":5,"f:22:16:22:31":4,"s:23:2:23:Infinity":6,"f:26:22:26:30":5,"b:26:66:26:70":2,"s:27:19:35:Infinity":7,"b:32:55:32:95:32:95:32:Infinity":3,"b:32:10:32:28:32:28:32:55":4,"b:32:73:32:88:32:88:32:91":5,"b:36:2:38:Infinity:undefined:undefined:undefined:undefined":6,"s:36:2:38:Infinity":8,"s:37:4:37:Infinity":9,"b:39:2:42:Infinity:undefined:undefined:undefined:undefined":7,"s:39:2:42:Infinity":10,"s:40:21:40:Infinity":11,"f:40:43:40:55":6,"s:40:55:40:59":12,"s:41:4:41:Infinity":13,"s:43:2:43:Infinity":14,"b:43:35:43:42:43:42:43:Infinity":8},"fnNames":{}}}
,"/Users/ray/Development/team-flow/frontend/src/lib/auth.ts": {"path":"/Users/ray/Development/team-flow/frontend/src/lib/auth.ts","statementMap":{"0":{"start":{"line":10,"column":19},"end":{"line":10,"column":null}},"1":{"start":{"line":11,"column":2},"end":{"line":11,"column":null}},"2":{"start":{"line":15,"column":2},"end":{"line":15,"column":null}}},"fnMap":{"0":{"name":"fetchProfile","decl":{"start":{"line":9,"column":22},"end":{"line":9,"column":62}},"loc":{"start":{"line":9,"column":62},"end":{"line":12,"column":null}},"line":9},"1":{"name":"useProfile","decl":{"start":{"line":14,"column":16},"end":{"line":14,"column":29}},"loc":{"start":{"line":14,"column":29},"end":{"line":16,"column":null}},"line":14}},"branchMap":{"0":{"loc":{"start":{"line":11,"column":9},"end":{"line":11,"column":null}},"type":"cond-expr","locations":[{"start":{"line":11,"column":25},"end":{"line":11,"column":62}},{"start":{"line":11,"column":62},"end":{"line":11,"column":null}}],"line":11}},"s":{"0":2,"1":2,"2":7},"f":{"0":2,"1":7},"b":{"0":[0,2]},"meta":{"lastBranch":1,"lastFunction":2,"lastStatement":3,"seen":{"f:9:22:9:62":0,"s:10:19:10:Infinity":0,"s:11:2:11:Infinity":1,"b:11:25:11:62:11:62:11:Infinity":0,"f:14:16:14:29":1,"s:15:2:15:Infinity":2},"fnNames":{}}}
,"/Users/ray/Development/team-flow/frontend/src/lib/useDocumentTitle.ts": {"path":"/Users/ray/Development/team-flow/frontend/src/lib/useDocumentTitle.ts","statementMap":{"0":{"start":{"line":11,"column":2},"end":{"line":17,"column":null}},"1":{"start":{"line":12,"column":21},"end":{"line":12,"column":null}},"2":{"start":{"line":13,"column":4},"end":{"line":13,"column":null}},"3":{"start":{"line":14,"column":4},"end":{"line":16,"column":null}},"4":{"start":{"line":15,"column":6},"end":{"line":15,"column":null}}},"fnMap":{"0":{"name":"useDocumentTitle","decl":{"start":{"line":10,"column":16},"end":{"line":10,"column":33}},"loc":{"start":{"line":10,"column":48},"end":{"line":18,"column":null}},"line":10},"1":{"name":"(anonymous_1)","decl":{"start":{"line":11,"column":2},"end":{"line":11,"column":18}},"loc":{"start":{"line":11,"column":18},"end":{"line":17,"column":5}},"line":11},"2":{"name":"(anonymous_2)","decl":{"start":{"line":14,"column":4},"end":{"line":14,"column":17}},"loc":{"start":{"line":14,"column":17},"end":{"line":16,"column":null}},"line":14}},"branchMap":{"0":{"loc":{"start":{"line":13,"column":21},"end":{"line":13,"column":null}},"type":"cond-expr","locations":[{"start":{"line":13,"column":29},"end":{"line":13,"column":53}},{"start":{"line":13,"column":53},"end":{"line":13,"column":null}}],"line":13}},"s":{"0":27,"1":9,"2":9,"3":9,"4":9},"f":{"0":27,"1":9,"2":9},"b":{"0":[9,0]},"meta":{"lastBranch":1,"lastFunction":3,"lastStatement":5,"seen":{"f:10:16:10:33":0,"s:11:2:17:Infinity":0,"f:11:2:11:18":1,"s:12:21:12:Infinity":1,"s:13:4:13:Infinity":2,"b:13:29:13:53:13:53:13:Infinity":0,"s:14:4:16:Infinity":3,"f:14:4:14:17":2,"s:15:6:15:Infinity":4},"fnNames":{}}}
,"/Users/ray/Development/team-flow/frontend/src/pages/AuthPage.tsx": {"path":"/Users/ray/Development/team-flow/frontend/src/pages/AuthPage.tsx","statementMap":{"0":{"start":{"line":14,"column":19},"end":{"line":14,"column":null}},"1":{"start":{"line":18,"column":20},"end":{"line":21,"column":null}},"2":{"start":{"line":23,"column":23},"end":{"line":25,"column":null}},"3":{"start":{"line":31,"column":2},"end":{"line":34,"column":null}},"4":{"start":{"line":33,"column":22},"end":{"line":33,"column":57}},"5":{"start":{"line":38,"column":2},"end":{"line":38,"column":null}},"6":{"start":{"line":39,"column":19},"end":{"line":44,"column":null}},"7":{"start":{"line":45,"column":2},"end":{"line":48,"column":null}},"8":{"start":{"line":46,"column":21},"end":{"line":46,"column":null}},"9":{"start":{"line":46,"column":55},"end":{"line":46,"column":59}},"10":{"start":{"line":47,"column":4},"end":{"line":47,"column":null}},"11":{"start":{"line":49,"column":2},"end":{"line":49,"column":null}},"12":{"start":{"line":53,"column":2},"end":{"line":53,"column":null}},"13":{"start":{"line":54,"column":2},"end":{"line":58,"column":null}},"14":{"start":{"line":62,"column":26},"end":{"line":62,"column":null}},"15":{"start":{"line":63,"column":32},"end":{"line":63,"column":null}},"16":{"start":{"line":64,"column":42},"end":{"line":64,"column":null}},"17":{"start":{"line":65,"column":22},"end":{"line":65,"column":37}},"18":{"start":{"line":66,"column":19},"end":{"line":66,"column":31}},"19":{"start":{"line":68,"column":23},"end":{"line":68,"column":34}},"20":{"start":{"line":75,"column":6},"end":{"line":78,"column":null}},"21":{"start":{"line":80,"column":23},"end":{"line":90,"column":null}},"22":{"start":{"line":81,"column":58},"end":{"line":81,"column":null}},"23":{"start":{"line":83,"column":6},"end":{"line":83,"column":null}},"24":{"start":{"line":84,"column":6},"end":{"line":84,"column":null}},"25":{"start":{"line":85,"column":6},"end":{"line":85,"column":null}},"26":{"start":{"line":88,"column":6},"end":{"line":88,"column":null}},"27":{"start":{"line":92,"column":25},"end":{"line":98,"column":null}},"28":{"start":{"line":95,"column":6},"end":{"line":95,"column":null}},"29":{"start":{"line":96,"column":6},"end":{"line":96,"column":null}},"30":{"start":{"line":101,"column":4},"end":{"line":101,"column":null}},"31":{"start":{"line":102,"column":4},"end":{"line":102,"column":null}},"32":{"start":{"line":106,"column":4},"end":{"line":106,"column":null}},"33":{"start":{"line":106,"column":26},"end":{"line":106,"column":69}},"34":{"start":{"line":107,"column":4},"end":{"line":107,"column":null}},"35":{"start":{"line":108,"column":4},"end":{"line":108,"column":null}},"36":{"start":{"line":111,"column":18},"end":{"line":111,"column":null}},"37":{"start":{"line":112,"column":2},"end":{"line":112,"column":null}},"38":{"start":{"line":114,"column":2},"end":{"line":143,"column":null}},"39":{"start":{"line":115,"column":4},"end":{"line":141,"column":null}},"40":{"start":{"line":130,"column":81},"end":{"line":130,"column":106}},"41":{"start":{"line":145,"column":2},"end":{"line":248,"column":null}},"42":{"start":{"line":221,"column":41},"end":{"line":221,"column":null}},"43":{"start":{"line":221,"column":70},"end":{"line":221,"column":78}}},"fnMap":{"0":{"name":"csrfToken","decl":{"start":{"line":30,"column":9},"end":{"line":30,"column":21}},"loc":{"start":{"line":30,"column":21},"end":{"line":35,"column":null}},"line":30},"1":{"name":"(anonymous_1)","decl":{"start":{"line":33,"column":5},"end":{"line":33,"column":11}},"loc":{"start":{"line":33,"column":22},"end":{"line":33,"column":57}},"line":33},"2":{"name":"authenticate","decl":{"start":{"line":37,"column":15},"end":{"line":37,"column":28}},"loc":{"start":{"line":37,"column":96},"end":{"line":50,"column":null}},"line":37},"3":{"name":"(anonymous_3)","decl":{"start":{"line":46,"column":43},"end":{"line":46,"column":55}},"loc":{"start":{"line":46,"column":55},"end":{"line":46,"column":59}},"line":46},"4":{"name":"signOut","decl":{"start":{"line":52,"column":15},"end":{"line":52,"column":25}},"loc":{"start":{"line":52,"column":25},"end":{"line":59,"column":null}},"line":52},"5":{"name":"AuthPage","decl":{"start":{"line":61,"column":16},"end":{"line":61,"column":27}},"loc":{"start":{"line":61,"column":27},"end":{"line":250,"column":null}},"line":61},"6":{"name":"(anonymous_6)","decl":{"start":{"line":81,"column":4},"end":{"line":81,"column":17}},"loc":{"start":{"line":81,"column":58},"end":{"line":81,"column":null}},"line":81},"7":{"name":"(anonymous_7)","decl":{"start":{"line":82,"column":4},"end":{"line":82,"column":16}},"loc":{"start":{"line":82,"column":28},"end":{"line":86,"column":null}},"line":82},"8":{"name":"(anonymous_8)","decl":{"start":{"line":87,"column":4},"end":{"line":87,"column":14}},"loc":{"start":{"line":87,"column":33},"end":{"line":89,"column":null}},"line":87},"9":{"name":"(anonymous_9)","decl":{"start":{"line":94,"column":4},"end":{"line":94,"column":21}},"loc":{"start":{"line":94,"column":21},"end":{"line":97,"column":null}},"line":94},"10":{"name":"onSubmit","decl":{"start":{"line":100,"column":11},"end":{"line":100,"column":20}},"loc":{"start":{"line":100,"column":44},"end":{"line":103,"column":null}},"line":100},"11":{"name":"toggleMode","decl":{"start":{"line":105,"column":11},"end":{"line":105,"column":24}},"loc":{"start":{"line":105,"column":24},"end":{"line":109,"column":null}},"line":105},"12":{"name":"(anonymous_12)","decl":{"start":{"line":106,"column":4},"end":{"line":106,"column":13}},"loc":{"start":{"line":106,"column":26},"end":{"line":106,"column":69}},"line":106},"13":{"name":"(anonymous_13)","decl":{"start":{"line":130,"column":66},"end":{"line":130,"column":81}},"loc":{"start":{"line":130,"column":81},"end":{"line":130,"column":106}},"line":130},"14":{"name":"(anonymous_14)","decl":{"start":{"line":221,"column":26},"end":{"line":221,"column":41}},"loc":{"start":{"line":221,"column":41},"end":{"line":221,"column":null}},"line":221},"15":{"name":"(anonymous_15)","decl":{"start":{"line":221,"column":41},"end":{"line":221,"column":58}},"loc":{"start":{"line":221,"column":70},"end":{"line":221,"column":78}},"line":221}},"branchMap":{"0":{"loc":{"start":{"line":42,"column":67},"end":{"line":42,"column":85}},"type":"binary-expr","locations":[{"start":{"line":42,"column":67},"end":{"line":42,"column":82}},{"start":{"line":42,"column":82},"end":{"line":42,"column":85}}],"line":42},"1":{"loc":{"start":{"line":45,"column":2},"end":{"line":48,"column":null}},"type":"if","locations":[{"start":{"line":45,"column":2},"end":{"line":48,"column":null}},{"start":{},"end":{}}],"line":45},"2":{"loc":{"start":{"line":47,"column":20},"end":{"line":47,"column":76}},"type":"binary-expr","locations":[{"start":{"line":47,"column":20},"end":{"line":47,"column":39}},{"start":{"line":47,"column":39},"end":{"line":47,"column":76}}],"line":47},"3":{"loc":{"start":{"line":57,"column":31},"end":{"line":57,"column":49}},"type":"binary-expr","locations":[{"start":{"line":57,"column":31},"end":{"line":57,"column":46}},{"start":{"line":57,"column":46},"end":{"line":57,"column":49}}],"line":57},"4":{"loc":{"start":{"line":76,"column":26},"end":{"line":76,"column":76}},"type":"cond-expr","locations":[{"start":{"line":76,"column":48},"end":{"line":76,"column":65}},{"start":{"line":76,"column":65},"end":{"line":76,"column":76}}],"line":76},"5":{"loc":{"start":{"line":88,"column":25},"end":{"line":88,"column":84}},"type":"cond-expr","locations":[{"start":{"line":88,"column":50},"end":{"line":88,"column":66}},{"start":{"line":88,"column":66},"end":{"line":88,"column":84}}],"line":88},"6":{"loc":{"start":{"line":102,"column":24},"end":{"line":102,"column":105}},"type":"cond-expr","locations":[{"start":{"line":102,"column":46},"end":{"line":102,"column":55}},{"start":{"line":102,"column":55},"end":{"line":102,"column":105}}],"line":102},"7":{"loc":{"start":{"line":106,"column":26},"end":{"line":106,"column":69}},"type":"cond-expr","locations":[{"start":{"line":106,"column":48},"end":{"line":106,"column":61}},{"start":{"line":106,"column":61},"end":{"line":106,"column":69}}],"line":106},"8":{"loc":{"start":{"line":112,"column":19},"end":{"line":112,"column":88}},"type":"cond-expr","locations":[{"start":{"line":112,"column":29},"end":{"line":112,"column":41}},{"start":{"line":112,"column":41},"end":{"line":112,"column":88}}],"line":112},"9":{"loc":{"start":{"line":112,"column":41},"end":{"line":112,"column":88}},"type":"cond-expr","locations":[{"start":{"line":112,"column":60},"end":{"line":112,"column":72}},{"start":{"line":112,"column":72},"end":{"line":112,"column":88}}],"line":112},"10":{"loc":{"start":{"line":114,"column":2},"end":{"line":143,"column":null}},"type":"if","locations":[{"start":{"line":114,"column":2},"end":{"line":143,"column":null}},{"start":{},"end":{}}],"line":114},"11":{"loc":{"start":{"line":154,"column":15},"end":{"line":154,"column":null}},"type":"cond-expr","locations":[{"start":{"line":154,"column":34},"end":{"line":154,"column":46}},{"start":{"line":154,"column":46},"end":{"line":154,"column":null}}],"line":154},"12":{"loc":{"start":{"line":163,"column":17},"end":{"line":181,"column":null}},"type":"binary-expr","locations":[{"start":{"line":163,"column":17},"end":{"line":163,"column":null}},{"start":{"line":164,"column":18},"end":{"line":181,"column":null}}],"line":163},"13":{"loc":{"start":{"line":175,"column":23},"end":{"line":178,"column":null}},"type":"binary-expr","locations":[{"start":{"line":175,"column":23},"end":{"line":175,"column":null}},{"start":{"line":176,"column":24},"end":{"line":178,"column":null}}],"line":175},"14":{"loc":{"start":{"line":195,"column":21},"end":{"line":198,"column":null}},"type":"binary-expr","locations":[{"start":{"line":195,"column":21},"end":{"line":195,"column":null}},{"start":{"line":196,"column":22},"end":{"line":198,"column":null}}],"line":195},"15":{"loc":{"start":{"line":208,"column":28},"end":{"line":208,"column":null}},"type":"cond-expr","locations":[{"start":{"line":208,"column":43},"end":{"line":208,"column":52}},{"start":{"line":208,"column":52},"end":{"line":208,"column":null}}],"line":208},"16":{"loc":{"start":{"line":211,"column":36},"end":{"line":211,"column":null}},"type":"cond-expr","locations":[{"start":{"line":211,"column":55},"end":{"line":211,"column":76}},{"start":{"line":211,"column":76},"end":{"line":211,"column":null}}],"line":211},"17":{"loc":{"start":{"line":220,"column":38},"end":{"line":220,"column":null}},"type":"cond-expr","locations":[{"start":{"line":220,"column":53},"end":{"line":220,"column":71}},{"start":{"line":220,"column":71},"end":{"line":220,"column":null}}],"line":220},"18":{"loc":{"start":{"line":223,"column":27},"end":{"line":223,"column":null}},"type":"cond-expr","locations":[{"start":{"line":223,"column":42},"end":{"line":223,"column":63}},{"start":{"line":223,"column":62},"end":{"line":223,"column":null}}],"line":223},"19":{"loc":{"start":{"line":227,"column":21},"end":{"line":230,"column":null}},"type":"binary-expr","locations":[{"start":{"line":227,"column":21},"end":{"line":227,"column":null}},{"start":{"line":228,"column":22},"end":{"line":230,"column":null}}],"line":227},"20":{"loc":{"start":{"line":235,"column":19},"end":{"line":235,"column":null}},"type":"cond-expr","locations":[{"start":{"line":235,"column":44},"end":{"line":235,"column":59}},{"start":{"line":235,"column":59},"end":{"line":235,"column":null}}],"line":235},"21":{"loc":{"start":{"line":235,"column":59},"end":{"line":235,"column":null}},"type":"cond-expr","locations":[{"start":{"line":235,"column":78},"end":{"line":235,"column":90}},{"start":{"line":235,"column":90},"end":{"line":235,"column":null}}],"line":235},"22":{"loc":{"start":{"line":242,"column":15},"end":{"line":242,"column":null}},"type":"cond-expr","locations":[{"start":{"line":242,"column":34},"end":{"line":242,"column":55}},{"start":{"line":242,"column":55},"end":{"line":242,"column":null}}],"line":242}},"s":{"0":1,"1":1,"2":1,"3":1,"4":1,"5":1,"6":1,"7":1,"8":0,"9":0,"10":0,"11":1,"12":0,"13":0,"14":7,"15":7,"16":7,"17":7,"18":7,"19":7,"20":7,"21":7,"22":1,"23":1,"24":1,"25":1,"26":0,"27":7,"28":0,"29":0,"30":1,"31":1,"32":1,"33":1,"34":1,"35":1,"36":7,"37":7,"38":7,"39":2,"40":0,"41":5,"42":0,"43":0},"f":{"0":1,"1":1,"2":1,"3":0,"4":0,"5":7,"6":1,"7":1,"8":0,"9":0,"10":1,"11":1,"12":1,"13":0,"14":0,"15":0},"b":{"0":[1,0],"1":[0,1],"2":[0,0],"3":[0,0],"4":[3,4],"5":[0,0],"6":[1,0],"7":[1,0],"8":[2,5],"9":[4,1],"10":[2,5],"11":[4,1],"12":[7,1],"13":[1,0],"14":[7,0],"15":[0,5],"16":[4,1],"17":[0,5],"18":[0,5],"19":[7,0],"20":[0,5],"21":[4,1],"22":[4,1]},"meta":{"lastBranch":23,"lastFunction":16,"lastStatement":44,"seen":{"s:14:19:14:Infinity":0,"s:18:20:21:Infinity":1,"s:23:23:25:Infinity":2,"f:30:9:30:21":0,"s:31:2:34:Infinity":3,"f:33:5:33:11":1,"s:33:22:33:57":4,"f:37:15:37:28":2,"s:38:2:38:Infinity":5,"s:39:19:44:Infinity":6,"b:42:67:42:82:42:82:42:85":0,"b:45:2:48:Infinity:undefined:undefined:undefined:undefined":1,"s:45:2:48:Infinity":7,"s:46:21:46:Infinity":8,"f:46:43:46:55":3,"s:46:55:46:59":9,"s:47:4:47:Infinity":10,"b:47:20:47:39:47:39:47:76":2,"s:49:2:49:Infinity":11,"f:52:15:52:25":4,"s:53:2:53:Infinity":12,"s:54:2:58:Infinity":13,"b:57:31:57:46:57:46:57:49":3,"f:61:16:61:27":5,"s:62:26:62:Infinity":14,"s:63:32:63:Infinity":15,"s:64:42:64:Infinity":16,"s:65:22:65:37":17,"s:66:19:66:31":18,"s:68:23:68:34":19,"s:75:6:78:Infinity":20,"b:76:48:76:65:76:65:76:76":4,"s:80:23:90:Infinity":21,"f:81:4:81:17":6,"s:81:58:81:Infinity":22,"f:82:4:82:16":7,"s:83:6:83:Infinity":23,"s:84:6:84:Infinity":24,"s:85:6:85:Infinity":25,"f:87:4:87:14":8,"s:88:6:88:Infinity":26,"b:88:50:88:66:88:66:88:84":5,"s:92:25:98:Infinity":27,"f:94:4:94:21":9,"s:95:6:95:Infinity":28,"s:96:6:96:Infinity":29,"f:100:11:100:20":10,"s:101:4:101:Infinity":30,"s:102:4:102:Infinity":31,"b:102:46:102:55:102:55:102:105":6,"f:105:11:105:24":11,"s:106:4:106:Infinity":32,"f:106:4:106:13":12,"s:106:26:106:69":33,"b:106:48:106:61:106:61:106:69":7,"s:107:4:107:Infinity":34,"s:108:4:108:Infinity":35,"s:111:18:111:Infinity":36,"s:112:2:112:Infinity":37,"b:112:29:112:41:112:41:112:88":8,"b:112:60:112:72:112:72:112:88":9,"b:114:2:143:Infinity:undefined:undefined:undefined:undefined":10,"s:114:2:143:Infinity":38,"s:115:4:141:Infinity":39,"f:130:66:130:81":13,"s:130:81:130:106":40,"s:145:2:248:Infinity":41,"b:154:34:154:46:154:46:154:Infinity":11,"b:163:17:163:Infinity:164:18:181:Infinity":12,"b:175:23:175:Infinity:176:24:178:Infinity":13,"b:195:21:195:Infinity:196:22:198:Infinity":14,"b:208:43:208:52:208:52:208:Infinity":15,"b:211:55:211:76:211:76:211:Infinity":16,"b:220:53:220:71:220:71:220:Infinity":17,"f:221:26:221:41":14,"s:221:41:221:Infinity":42,"f:221:41:221:58":15,"s:221:70:221:78":43,"b:223:42:223:63:223:62:223:Infinity":18,"b:227:21:227:Infinity:228:22:230:Infinity":19,"b:235:44:235:59:235:59:235:Infinity":20,"b:235:78:235:90:235:90:235:Infinity":21,"b:242:34:242:55:242:55:242:Infinity":22},"fnNames":{}}}
,"/Users/ray/Development/team-flow/frontend/src/pages/TaskBoardPage.tsx": {"path":"/Users/ray/Development/team-flow/frontend/src/pages/TaskBoardPage.tsx","statementMap":{"0":{"start":{"line":43,"column":23},"end":{"line":48,"column":null}},"1":{"start":{"line":51,"column":22},"end":{"line":53,"column":null}},"2":{"start":{"line":56,"column":53},"end":{"line":56,"column":null}},"3":{"start":{"line":57,"column":75},"end":{"line":57,"column":null}},"4":{"start":{"line":58,"column":72},"end":{"line":58,"column":null}},"5":{"start":{"line":61,"column":2},"end":{"line":61,"column":null}},"6":{"start":{"line":62,"column":16},"end":{"line":62,"column":null}},"7":{"start":{"line":63,"column":2},"end":{"line":63,"column":null}},"8":{"start":{"line":63,"column":20},"end":{"line":63,"column":null}},"9":{"start":{"line":64,"column":2},"end":{"line":64,"column":null}},"10":{"start":{"line":64,"column":22},"end":{"line":64,"column":null}},"11":{"start":{"line":65,"column":2},"end":{"line":65,"column":null}},"12":{"start":{"line":65,"column":29},"end":{"line":65,"column":null}},"13":{"start":{"line":66,"column":2},"end":{"line":66,"column":null}},"14":{"start":{"line":70,"column":2},"end":{"line":70,"column":null}},"15":{"start":{"line":74,"column":24},"end":{"line":74,"column":57}},"16":{"start":{"line":75,"column":2},"end":{"line":75,"column":null}},"17":{"start":{"line":76,"column":22},"end":{"line":76,"column":37}},"18":{"start":{"line":78,"column":42},"end":{"line":78,"column":null}},"19":{"start":{"line":79,"column":46},"end":{"line":79,"column":null}},"20":{"start":{"line":80,"column":46},"end":{"line":80,"column":null}},"21":{"start":{"line":81,"column":32},"end":{"line":81,"column":null}},"22":{"start":{"line":82,"column":48},"end":{"line":82,"column":null}},"23":{"start":{"line":83,"column":46},"end":{"line":83,"column":null}},"24":{"start":{"line":84,"column":40},"end":{"line":84,"column":null}},"25":{"start":{"line":85,"column":50},"end":{"line":85,"column":null}},"26":{"start":{"line":87,"column":24},"end":{"line":87,"column":null}},"27":{"start":{"line":88,"column":21},"end":{"line":92,"column":null}},"28":{"start":{"line":90,"column":19},"end":{"line":90,"column":null}},"29":{"start":{"line":93,"column":16},"end":{"line":93,"column":null}},"30":{"start":{"line":94,"column":23},"end":{"line":94,"column":null}},"31":{"start":{"line":94,"column":44},"end":{"line":94,"column":70}},"32":{"start":{"line":96,"column":24},"end":{"line":100,"column":null}},"33":{"start":{"line":98,"column":19},"end":{"line":98,"column":null}},"34":{"start":{"line":101,"column":19},"end":{"line":101,"column":null}},"35":{"start":{"line":103,"column":21},"end":{"line":107,"column":null}},"36":{"start":{"line":105,"column":19},"end":{"line":105,"column":null}},"37":{"start":{"line":108,"column":22},"end":{"line":108,"column":null}},"38":{"start":{"line":110,"column":21},"end":{"line":113,"column":null}},"39":{"start":{"line":114,"column":19},"end":{"line":114,"column":null}},"40":{"start":{"line":115,"column":22},"end":{"line":115,"column":null}},"41":{"start":{"line":117,"column":29},"end":{"line":132,"column":null}},"42":{"start":{"line":119,"column":6},"end":{"line":122,"column":null}},"43":{"start":{"line":124,"column":6},"end":{"line":124,"column":null}},"44":{"start":{"line":125,"column":6},"end":{"line":125,"column":null}},"45":{"start":{"line":126,"column":6},"end":{"line":126,"column":null}},"46":{"start":{"line":129,"column":6},"end":{"line":129,"column":null}},"47":{"start":{"line":129,"column":30},"end":{"line":129,"column":null}},"48":{"start":{"line":130,"column":6},"end":{"line":130,"column":null}},"49":{"start":{"line":134,"column":29},"end":{"line":156,"column":null}},"50":{"start":{"line":136,"column":6},"end":{"line":139,"column":null}},"51":{"start":{"line":141,"column":6},"end":{"line":142,"column":null}},"52":{"start":{"line":142,"column":8},"end":{"line":142,"column":109}},"53":{"start":{"line":142,"column":60},"end":{"line":142,"column":100}},"54":{"start":{"line":143,"column":6},"end":{"line":143,"column":null}},"55":{"start":{"line":144,"column":6},"end":{"line":144,"column":null}},"56":{"start":{"line":147,"column":6},"end":{"line":147,"column":null}},"57":{"start":{"line":147,"column":61},"end":{"line":147,"column":null}},"58":{"start":{"line":148,"column":6},"end":{"line":148,"column":null}},"59":{"start":{"line":148,"column":30},"end":{"line":148,"column":null}},"60":{"start":{"line":149,"column":6},"end":{"line":154,"column":null}},"61":{"start":{"line":158,"column":29},"end":{"line":170,"column":null}},"62":{"start":{"line":159,"column":22},"end":{"line":159,"column":null}},"63":{"start":{"line":161,"column":6},"end":{"line":162,"column":null}},"64":{"start":{"line":162,"column":8},"end":{"line":162,"column":99}},"65":{"start":{"line":162,"column":62},"end":{"line":162,"column":90}},"66":{"start":{"line":163,"column":6},"end":{"line":163,"column":null}},"67":{"start":{"line":164,"column":6},"end":{"line":164,"column":null}},"68":{"start":{"line":167,"column":6},"end":{"line":167,"column":null}},"69":{"start":{"line":167,"column":30},"end":{"line":167,"column":null}},"70":{"start":{"line":168,"column":6},"end":{"line":168,"column":null}},"71":{"start":{"line":172,"column":29},"end":{"line":184,"column":null}},"72":{"start":{"line":174,"column":6},"end":{"line":174,"column":null}},"73":{"start":{"line":176,"column":6},"end":{"line":176,"column":null}},"74":{"start":{"line":176,"column":90},"end":{"line":176,"column":115}},"75":{"start":{"line":177,"column":6},"end":{"line":177,"column":null}},"76":{"start":{"line":178,"column":6},"end":{"line":178,"column":null}},"77":{"start":{"line":181,"column":6},"end":{"line":181,"column":null}},"78":{"start":{"line":181,"column":30},"end":{"line":181,"column":null}},"79":{"start":{"line":182,"column":6},"end":{"line":182,"column":null}},"80":{"start":{"line":187,"column":4},"end":{"line":187,"column":null}},"81":{"start":{"line":188,"column":4},"end":{"line":188,"column":null}},"82":{"start":{"line":189,"column":4},"end":{"line":189,"column":null}},"83":{"start":{"line":190,"column":4},"end":{"line":190,"column":null}},"84":{"start":{"line":194,"column":4},"end":{"line":194,"column":null}},"85":{"start":{"line":194,"column":23},"end":{"line":194,"column":null}},"86":{"start":{"line":195,"column":4},"end":{"line":206,"column":null}},"87":{"start":{"line":196,"column":21},"end":{"line":196,"column":null}},"88":{"start":{"line":197,"column":6},"end":{"line":198,"column":null}},"89":{"start":{"line":198,"column":8},"end":{"line":198,"column":105}},"90":{"start":{"line":198,"column":60},"end":{"line":198,"column":96}},"91":{"start":{"line":199,"column":6},"end":{"line":199,"column":null}},"92":{"start":{"line":200,"column":6},"end":{"line":200,"column":null}},"93":{"start":{"line":201,"column":6},"end":{"line":201,"column":null}},"94":{"start":{"line":202,"column":6},"end":{"line":202,"column":null}},"95":{"start":{"line":203,"column":6},"end":{"line":203,"column":null}},"96":{"start":{"line":205,"column":6},"end":{"line":205,"column":null}},"97":{"start":{"line":210,"column":4},"end":{"line":210,"column":null}},"98":{"start":{"line":211,"column":4},"end":{"line":211,"column":null}},"99":{"start":{"line":212,"column":4},"end":{"line":212,"column":null}},"100":{"start":{"line":215,"column":18},"end":{"line":215,"column":null}},"101":{"start":{"line":216,"column":20},"end":{"line":216,"column":null}},"102":{"start":{"line":217,"column":17},"end":{"line":217,"column":null}},"103":{"start":{"line":219,"column":2},"end":{"line":225,"column":null}},"104":{"start":{"line":220,"column":4},"end":{"line":225,"column":null}},"105":{"start":{"line":227,"column":2},"end":{"line":227,"column":null}},"106":{"start":{"line":227,"column":17},"end":{"line":227,"column":null}},"107":{"start":{"line":228,"column":2},"end":{"line":234,"column":null}},"108":{"start":{"line":229,"column":4},"end":{"line":234,"column":null}},"109":{"start":{"line":232,"column":86},"end":{"line":232,"column":114}},"110":{"start":{"line":237,"column":2},"end":{"line":638,"column":null}},"111":{"start":{"line":253,"column":16},"end":{"line":253,"column":null}},"112":{"start":{"line":254,"column":16},"end":{"line":254,"column":null}},"113":{"start":{"line":281,"column":24},"end":{"line":288,"column":null}},"114":{"start":{"line":302,"column":24},"end":{"line":309,"column":null}},"115":{"start":{"line":330,"column":41},"end":{"line":330,"column":65}},"116":{"start":{"line":330,"column":65},"end":{"line":330,"column":91}},"117":{"start":{"line":339,"column":48},"end":{"line":339,"column":null}},"118":{"start":{"line":358,"column":48},"end":{"line":358,"column":null}},"119":{"start":{"line":377,"column":43},"end":{"line":377,"column":null}},"120":{"start":{"line":388,"column":35},"end":{"line":388,"column":56}},"121":{"start":{"line":388,"column":56},"end":{"line":388,"column":79}},"122":{"start":{"line":388,"column":79},"end":{"line":388,"column":102}},"123":{"start":{"line":406,"column":16},"end":{"line":420,"column":null}},"124":{"start":{"line":407,"column":55},"end":{"line":407,"column":73}},"125":{"start":{"line":435,"column":22},"end":{"line":435,"column":null}},"126":{"start":{"line":436,"column":22},"end":{"line":436,"column":null}},"127":{"start":{"line":459,"column":32},"end":{"line":466,"column":null}},"128":{"start":{"line":480,"column":32},"end":{"line":487,"column":null}},"129":{"start":{"line":505,"column":88},"end":{"line":505,"column":115}},"130":{"start":{"line":535,"column":22},"end":{"line":535,"column":null}},"131":{"start":{"line":536,"column":22},"end":{"line":536,"column":null}},"132":{"start":{"line":565,"column":24},"end":{"line":569,"column":null}},"133":{"start":{"line":590,"column":24},"end":{"line":592,"column":null}}},"fnMap":{"0":{"name":"fetchTasks","decl":{"start":{"line":60,"column":15},"end":{"line":60,"column":26}},"loc":{"start":{"line":60,"column":115},"end":{"line":67,"column":null}},"line":60},"1":{"name":"taskToFormValues","decl":{"start":{"line":69,"column":9},"end":{"line":69,"column":26}},"loc":{"start":{"line":69,"column":54},"end":{"line":71,"column":null}},"line":69},"2":{"name":"TaskBoardPage","decl":{"start":{"line":73,"column":16},"end":{"line":73,"column":32}},"loc":{"start":{"line":73,"column":32},"end":{"line":640,"column":null}},"line":73},"3":{"name":"(anonymous_3)","decl":{"start":{"line":90,"column":4},"end":{"line":90,"column":19}},"loc":{"start":{"line":90,"column":19},"end":{"line":90,"column":null}},"line":90},"4":{"name":"(anonymous_4)","decl":{"start":{"line":94,"column":29},"end":{"line":94,"column":35}},"loc":{"start":{"line":94,"column":44},"end":{"line":94,"column":70}},"line":94},"5":{"name":"(anonymous_5)","decl":{"start":{"line":98,"column":4},"end":{"line":98,"column":19}},"loc":{"start":{"line":98,"column":19},"end":{"line":98,"column":null}},"line":98},"6":{"name":"(anonymous_6)","decl":{"start":{"line":105,"column":4},"end":{"line":105,"column":19}},"loc":{"start":{"line":105,"column":19},"end":{"line":105,"column":null}},"line":105},"7":{"name":"(anonymous_7)","decl":{"start":{"line":118,"column":4},"end":{"line":118,"column":17}},"loc":{"start":{"line":119,"column":6},"end":{"line":122,"column":null}},"line":119},"8":{"name":"(anonymous_8)","decl":{"start":{"line":123,"column":4},"end":{"line":123,"column":21}},"loc":{"start":{"line":123,"column":21},"end":{"line":127,"column":null}},"line":123},"9":{"name":"(anonymous_9)","decl":{"start":{"line":128,"column":4},"end":{"line":128,"column":14}},"loc":{"start":{"line":128,"column":33},"end":{"line":131,"column":null}},"line":128},"10":{"name":"(anonymous_10)","decl":{"start":{"line":135,"column":4},"end":{"line":135,"column":17}},"loc":{"start":{"line":136,"column":6},"end":{"line":139,"column":null}},"line":136},"11":{"name":"(anonymous_11)","decl":{"start":{"line":140,"column":4},"end":{"line":140,"column":16}},"loc":{"start":{"line":140,"column":28},"end":{"line":145,"column":null}},"line":140},"12":{"name":"(anonymous_12)","decl":{"start":{"line":141,"column":76},"end":{"line":141,"column":80}},"loc":{"start":{"line":142,"column":8},"end":{"line":142,"column":109}},"line":142},"13":{"name":"(anonymous_13)","decl":{"start":{"line":142,"column":45},"end":{"line":142,"column":50}},"loc":{"start":{"line":142,"column":60},"end":{"line":142,"column":100}},"line":142},"14":{"name":"(anonymous_14)","decl":{"start":{"line":146,"column":4},"end":{"line":146,"column":14}},"loc":{"start":{"line":146,"column":33},"end":{"line":155,"column":null}},"line":146},"15":{"name":"(anonymous_15)","decl":{"start":{"line":159,"column":4},"end":{"line":159,"column":22}},"loc":{"start":{"line":159,"column":22},"end":{"line":159,"column":null}},"line":159},"16":{"name":"(anonymous_16)","decl":{"start":{"line":160,"column":4},"end":{"line":160,"column":21}},"loc":{"start":{"line":160,"column":21},"end":{"line":165,"column":null}},"line":160},"17":{"name":"(anonymous_17)","decl":{"start":{"line":161,"column":76},"end":{"line":161,"column":80}},"loc":{"start":{"line":162,"column":8},"end":{"line":162,"column":99}},"line":162},"18":{"name":"(anonymous_18)","decl":{"start":{"line":162,"column":45},"end":{"line":162,"column":53}},"loc":{"start":{"line":162,"column":62},"end":{"line":162,"column":90}},"line":162},"19":{"name":"(anonymous_19)","decl":{"start":{"line":166,"column":4},"end":{"line":166,"column":14}},"loc":{"start":{"line":166,"column":33},"end":{"line":169,"column":null}},"line":166},"20":{"name":"(anonymous_20)","decl":{"start":{"line":173,"column":4},"end":{"line":173,"column":17}},"loc":{"start":{"line":174,"column":6},"end":{"line":174,"column":null}},"line":174},"21":{"name":"(anonymous_21)","decl":{"start":{"line":175,"column":4},"end":{"line":175,"column":16}},"loc":{"start":{"line":175,"column":28},"end":{"line":179,"column":null}},"line":175},"22":{"name":"(anonymous_22)","decl":{"start":{"line":176,"column":78},"end":{"line":176,"column":82}},"loc":{"start":{"line":176,"column":90},"end":{"line":176,"column":115}},"line":176},"23":{"name":"(anonymous_23)","decl":{"start":{"line":180,"column":4},"end":{"line":180,"column":14}},"loc":{"start":{"line":180,"column":33},"end":{"line":183,"column":null}},"line":180},"24":{"name":"selectTask","decl":{"start":{"line":186,"column":11},"end":{"line":186,"column":22}},"loc":{"start":{"line":186,"column":34},"end":{"line":191,"column":null}},"line":186},"25":{"name":"reloadSelectedTask","decl":{"start":{"line":193,"column":17},"end":{"line":193,"column":38}},"loc":{"start":{"line":193,"column":38},"end":{"line":207,"column":null}},"line":193},"26":{"name":"(anonymous_26)","decl":{"start":{"line":197,"column":76},"end":{"line":197,"column":80}},"loc":{"start":{"line":198,"column":8},"end":{"line":198,"column":105}},"line":198},"27":{"name":"(anonymous_27)","decl":{"start":{"line":198,"column":45},"end":{"line":198,"column":50}},"loc":{"start":{"line":198,"column":60},"end":{"line":198,"column":96}},"line":198},"28":{"name":"confirmDeleteSelectedTask","decl":{"start":{"line":209,"column":11},"end":{"line":209,"column":39}},"loc":{"start":{"line":209,"column":39},"end":{"line":213,"column":null}},"line":209},"29":{"name":"(anonymous_29)","decl":{"start":{"line":232,"column":71},"end":{"line":232,"column":86}},"loc":{"start":{"line":232,"column":86},"end":{"line":232,"column":114}},"line":232},"30":{"name":"(anonymous_30)","decl":{"start":{"line":252,"column":35},"end":{"line":252,"column":49}},"loc":{"start":{"line":252,"column":60},"end":{"line":255,"column":15}},"line":252},"31":{"name":"(anonymous_31)","decl":{"start":{"line":280,"column":22},"end":{"line":280,"column":31}},"loc":{"start":{"line":281,"column":24},"end":{"line":288,"column":null}},"line":281},"32":{"name":"(anonymous_32)","decl":{"start":{"line":301,"column":22},"end":{"line":301,"column":31}},"loc":{"start":{"line":302,"column":24},"end":{"line":309,"column":null}},"line":302},"33":{"name":"(anonymous_33)","decl":{"start":{"line":330,"column":18},"end":{"line":330,"column":29}},"loc":{"start":{"line":330,"column":39},"end":{"line":330,"column":null}},"line":330},"34":{"name":"(anonymous_34)","decl":{"start":{"line":339,"column":22},"end":{"line":339,"column":38}},"loc":{"start":{"line":339,"column":48},"end":{"line":339,"column":null}},"line":339},"35":{"name":"(anonymous_35)","decl":{"start":{"line":358,"column":22},"end":{"line":358,"column":38}},"loc":{"start":{"line":358,"column":48},"end":{"line":358,"column":null}},"line":358},"36":{"name":"(anonymous_36)","decl":{"start":{"line":377,"column":22},"end":{"line":377,"column":33}},"loc":{"start":{"line":377,"column":43},"end":{"line":377,"column":null}},"line":377},"37":{"name":"(anonymous_37)","decl":{"start":{"line":388,"column":18},"end":{"line":388,"column":33}},"loc":{"start":{"line":388,"column":33},"end":{"line":388,"column":null}},"line":388},"38":{"name":"(anonymous_38)","decl":{"start":{"line":405,"column":21},"end":{"line":405,"column":26}},"loc":{"start":{"line":406,"column":16},"end":{"line":420,"column":null}},"line":406},"39":{"name":"(anonymous_39)","decl":{"start":{"line":407,"column":40},"end":{"line":407,"column":55}},"loc":{"start":{"line":407,"column":55},"end":{"line":407,"column":73}},"line":407},"40":{"name":"(anonymous_40)","decl":{"start":{"line":434,"column":39},"end":{"line":434,"column":53}},"loc":{"start":{"line":434,"column":64},"end":{"line":437,"column":21}},"line":434},"41":{"name":"(anonymous_41)","decl":{"start":{"line":458,"column":30},"end":{"line":458,"column":39}},"loc":{"start":{"line":459,"column":32},"end":{"line":466,"column":null}},"line":459},"42":{"name":"(anonymous_42)","decl":{"start":{"line":479,"column":30},"end":{"line":479,"column":39}},"loc":{"start":{"line":480,"column":32},"end":{"line":487,"column":null}},"line":480},"43":{"name":"(anonymous_43)","decl":{"start":{"line":505,"column":73},"end":{"line":505,"column":88}},"loc":{"start":{"line":505,"column":88},"end":{"line":505,"column":115}},"line":505},"44":{"name":"(anonymous_44)","decl":{"start":{"line":534,"column":42},"end":{"line":534,"column":56}},"loc":{"start":{"line":534,"column":67},"end":{"line":537,"column":21}},"line":534},"45":{"name":"(anonymous_45)","decl":{"start":{"line":564,"column":32},"end":{"line":564,"column":37}},"loc":{"start":{"line":565,"column":24},"end":{"line":569,"column":null}},"line":565},"46":{"name":"(anonymous_46)","decl":{"start":{"line":589,"column":35},"end":{"line":589,"column":40}},"loc":{"start":{"line":590,"column":24},"end":{"line":592,"column":null}},"line":590}},"branchMap":{"0":{"loc":{"start":{"line":63,"column":2},"end":{"line":63,"column":null}},"type":"if","locations":[{"start":{"line":63,"column":2},"end":{"line":63,"column":null}},{"start":{},"end":{}}],"line":63},"1":{"loc":{"start":{"line":64,"column":2},"end":{"line":64,"column":null}},"type":"if","locations":[{"start":{"line":64,"column":2},"end":{"line":64,"column":null}},{"start":{},"end":{}}],"line":64},"2":{"loc":{"start":{"line":65,"column":2},"end":{"line":65,"column":null}},"type":"if","locations":[{"start":{"line":65,"column":2},"end":{"line":65,"column":null}},{"start":{},"end":{}}],"line":65},"3":{"loc":{"start":{"line":70,"column":88},"end":{"line":70,"column":110}},"type":"binary-expr","locations":[{"start":{"line":70,"column":88},"end":{"line":70,"column":107}},{"start":{"line":70,"column":107},"end":{"line":70,"column":110}}],"line":70},"4":{"loc":{"start":{"line":93,"column":16},"end":{"line":93,"column":null}},"type":"binary-expr","locations":[{"start":{"line":93,"column":16},"end":{"line":93,"column":44}},{"start":{"line":93,"column":44},"end":{"line":93,"column":null}}],"line":93},"5":{"loc":{"start":{"line":94,"column":23},"end":{"line":94,"column":null}},"type":"binary-expr","locations":[{"start":{"line":94,"column":23},"end":{"line":94,"column":75}},{"start":{"line":94,"column":75},"end":{"line":94,"column":null}}],"line":94},"6":{"loc":{"start":{"line":101,"column":19},"end":{"line":101,"column":null}},"type":"binary-expr","locations":[{"start":{"line":101,"column":19},"end":{"line":101,"column":41}},{"start":{"line":101,"column":41},"end":{"line":101,"column":null}}],"line":101},"7":{"loc":{"start":{"line":108,"column":22},"end":{"line":108,"column":null}},"type":"binary-expr","locations":[{"start":{"line":108,"column":22},"end":{"line":108,"column":50}},{"start":{"line":108,"column":50},"end":{"line":108,"column":null}}],"line":108},"8":{"loc":{"start":{"line":121,"column":54},"end":{"line":121,"column":87}},"type":"binary-expr","locations":[{"start":{"line":121,"column":54},"end":{"line":121,"column":82}},{"start":{"line":121,"column":82},"end":{"line":121,"column":87}}],"line":121},"9":{"loc":{"start":{"line":129,"column":6},"end":{"line":129,"column":null}},"type":"if","locations":[{"start":{"line":129,"column":6},"end":{"line":129,"column":null}},{"start":{},"end":{}}],"line":129},"10":{"loc":{"start":{"line":130,"column":25},"end":{"line":130,"column":91}},"type":"cond-expr","locations":[{"start":{"line":130,"column":50},"end":{"line":130,"column":66}},{"start":{"line":130,"column":66},"end":{"line":130,"column":91}}],"line":130},"11":{"loc":{"start":{"line":138,"column":86},"end":{"line":138,"column":119}},"type":"binary-expr","locations":[{"start":{"line":138,"column":86},"end":{"line":138,"column":114}},{"start":{"line":138,"column":114},"end":{"line":138,"column":119}}],"line":138},"12":{"loc":{"start":{"line":142,"column":8},"end":{"line":142,"column":109}},"type":"cond-expr","locations":[{"start":{"line":142,"column":14},"end":{"line":142,"column":106}},{"start":{"line":142,"column":106},"end":{"line":142,"column":109}}],"line":142},"13":{"loc":{"start":{"line":142,"column":60},"end":{"line":142,"column":100}},"type":"cond-expr","locations":[{"start":{"line":142,"column":85},"end":{"line":142,"column":95}},{"start":{"line":142,"column":95},"end":{"line":142,"column":100}}],"line":142},"14":{"loc":{"start":{"line":147,"column":6},"end":{"line":147,"column":null}},"type":"if","locations":[{"start":{"line":147,"column":6},"end":{"line":147,"column":null}},{"start":{},"end":{}}],"line":147},"15":{"loc":{"start":{"line":147,"column":10},"end":{"line":147,"column":61}},"type":"binary-expr","locations":[{"start":{"line":147,"column":10},"end":{"line":147,"column":39}},{"start":{"line":147,"column":39},"end":{"line":147,"column":61}}],"line":147},"16":{"loc":{"start":{"line":148,"column":6},"end":{"line":148,"column":null}},"type":"if","locations":[{"start":{"line":148,"column":6},"end":{"line":148,"column":null}},{"start":{},"end":{}}],"line":148},"17":{"loc":{"start":{"line":150,"column":14},"end":{"line":152,"column":null}},"type":"cond-expr","locations":[{"start":{"line":151,"column":12},"end":{"line":151,"column":null}},{"start":{"line":152,"column":12},"end":{"line":152,"column":null}}],"line":150},"18":{"loc":{"start":{"line":150,"column":14},"end":{"line":150,"column":null}},"type":"binary-expr","locations":[{"start":{"line":150,"column":14},"end":{"line":150,"column":43}},{"start":{"line":150,"column":43},"end":{"line":150,"column":null}}],"line":150},"19":{"loc":{"start":{"line":152,"column":12},"end":{"line":152,"column":null}},"type":"cond-expr","locations":[{"start":{"line":152,"column":37},"end":{"line":152,"column":53}},{"start":{"line":152,"column":53},"end":{"line":152,"column":null}}],"line":152},"20":{"loc":{"start":{"line":162,"column":8},"end":{"line":162,"column":99}},"type":"cond-expr","locations":[{"start":{"line":162,"column":14},"end":{"line":162,"column":96}},{"start":{"line":162,"column":96},"end":{"line":162,"column":99}}],"line":162},"21":{"loc":{"start":{"line":167,"column":6},"end":{"line":167,"column":null}},"type":"if","locations":[{"start":{"line":167,"column":6},"end":{"line":167,"column":null}},{"start":{},"end":{}}],"line":167},"22":{"loc":{"start":{"line":168,"column":25},"end":{"line":168,"column":91}},"type":"cond-expr","locations":[{"start":{"line":168,"column":50},"end":{"line":168,"column":66}},{"start":{"line":168,"column":66},"end":{"line":168,"column":91}}],"line":168},"23":{"loc":{"start":{"line":176,"column":104},"end":{"line":176,"column":114}},"type":"binary-expr","locations":[{"start":{"line":176,"column":104},"end":{"line":176,"column":111}},{"start":{"line":176,"column":111},"end":{"line":176,"column":114}}],"line":176},"24":{"loc":{"start":{"line":181,"column":6},"end":{"line":181,"column":null}},"type":"if","locations":[{"start":{"line":181,"column":6},"end":{"line":181,"column":null}},{"start":{},"end":{}}],"line":181},"25":{"loc":{"start":{"line":182,"column":25},"end":{"line":182,"column":91}},"type":"cond-expr","locations":[{"start":{"line":182,"column":50},"end":{"line":182,"column":66}},{"start":{"line":182,"column":66},"end":{"line":182,"column":91}}],"line":182},"26":{"loc":{"start":{"line":194,"column":4},"end":{"line":194,"column":null}},"type":"if","locations":[{"start":{"line":194,"column":4},"end":{"line":194,"column":null}},{"start":{},"end":{}}],"line":194},"27":{"loc":{"start":{"line":198,"column":8},"end":{"line":198,"column":105}},"type":"cond-expr","locations":[{"start":{"line":198,"column":14},"end":{"line":198,"column":102}},{"start":{"line":198,"column":102},"end":{"line":198,"column":105}}],"line":198},"28":{"loc":{"start":{"line":198,"column":60},"end":{"line":198,"column":96}},"type":"cond-expr","locations":[{"start":{"line":198,"column":83},"end":{"line":198,"column":91}},{"start":{"line":198,"column":91},"end":{"line":198,"column":96}}],"line":198},"29":{"loc":{"start":{"line":205,"column":25},"end":{"line":205,"column":91}},"type":"cond-expr","locations":[{"start":{"line":205,"column":50},"end":{"line":205,"column":66}},{"start":{"line":205,"column":66},"end":{"line":205,"column":91}}],"line":205},"30":{"loc":{"start":{"line":217,"column":17},"end":{"line":217,"column":null}},"type":"binary-expr","locations":[{"start":{"line":217,"column":17},"end":{"line":217,"column":39}},{"start":{"line":217,"column":39},"end":{"line":217,"column":null}}],"line":217},"31":{"loc":{"start":{"line":219,"column":2},"end":{"line":225,"column":null}},"type":"if","locations":[{"start":{"line":219,"column":2},"end":{"line":225,"column":null}},{"start":{},"end":{}}],"line":219},"32":{"loc":{"start":{"line":227,"column":2},"end":{"line":227,"column":null}},"type":"if","locations":[{"start":{"line":227,"column":2},"end":{"line":227,"column":null}},{"start":{},"end":{}}],"line":227},"33":{"loc":{"start":{"line":228,"column":2},"end":{"line":234,"column":null}},"type":"if","locations":[{"start":{"line":228,"column":2},"end":{"line":234,"column":null}},{"start":{},"end":{}}],"line":228},"34":{"loc":{"start":{"line":265,"column":21},"end":{"line":268,"column":null}},"type":"binary-expr","locations":[{"start":{"line":265,"column":21},"end":{"line":265,"column":null}},{"start":{"line":266,"column":22},"end":{"line":268,"column":null}}],"line":265},"35":{"loc":{"start":{"line":338,"column":29},"end":{"line":338,"column":null}},"type":"binary-expr","locations":[{"start":{"line":338,"column":29},"end":{"line":338,"column":45}},{"start":{"line":338,"column":45},"end":{"line":338,"column":null}}],"line":338},"36":{"loc":{"start":{"line":339,"column":64},"end":{"line":339,"column":112}},"type":"cond-expr","locations":[{"start":{"line":339,"column":82},"end":{"line":339,"column":88}},{"start":{"line":339,"column":88},"end":{"line":339,"column":112}}],"line":339},"37":{"loc":{"start":{"line":357,"column":29},"end":{"line":357,"column":null}},"type":"binary-expr","locations":[{"start":{"line":357,"column":29},"end":{"line":357,"column":47}},{"start":{"line":357,"column":47},"end":{"line":357,"column":null}}],"line":357},"38":{"loc":{"start":{"line":358,"column":66},"end":{"line":358,"column":116}},"type":"cond-expr","locations":[{"start":{"line":358,"column":84},"end":{"line":358,"column":90}},{"start":{"line":358,"column":90},"end":{"line":358,"column":116}}],"line":358},"39":{"loc":{"start":{"line":396,"column":11},"end":{"line":422,"column":null}},"type":"cond-expr","locations":[{"start":{"line":397,"column":12},"end":{"line":404,"column":13}},{"start":{"line":404,"column":12},"end":{"line":422,"column":null}}],"line":396},"40":{"loc":{"start":{"line":406,"column":53},"end":{"line":406,"column":null}},"type":"cond-expr","locations":[{"start":{"line":406,"column":82},"end":{"line":406,"column":94}},{"start":{"line":406,"column":94},"end":{"line":406,"column":null}}],"line":406},"41":{"loc":{"start":{"line":425,"column":11},"end":{"line":598,"column":null}},"type":"binary-expr","locations":[{"start":{"line":425,"column":11},"end":{"line":425,"column":null}},{"start":{"line":426,"column":12},"end":{"line":598,"column":null}}],"line":425},"42":{"loc":{"start":{"line":513,"column":17},"end":{"line":526,"column":null}},"type":"binary-expr","locations":[{"start":{"line":513,"column":17},"end":{"line":513,"column":null}},{"start":{"line":514,"column":18},"end":{"line":526,"column":null}}],"line":513},"43":{"loc":{"start":{"line":554,"column":19},"end":{"line":571,"column":null}},"type":"cond-expr","locations":[{"start":{"line":555,"column":20},"end":{"line":558,"column":31}},{"start":{"line":558,"column":22},"end":{"line":571,"column":null}}],"line":554},"44":{"loc":{"start":{"line":558,"column":22},"end":{"line":571,"column":null}},"type":"cond-expr","locations":[{"start":{"line":559,"column":20},"end":{"line":563,"column":21}},{"start":{"line":563,"column":20},"end":{"line":571,"column":null}}],"line":558},"45":{"loc":{"start":{"line":579,"column":19},"end":{"line":596,"column":null}},"type":"cond-expr","locations":[{"start":{"line":580,"column":20},"end":{"line":583,"column":34}},{"start":{"line":583,"column":22},"end":{"line":596,"column":null}}],"line":579},"46":{"loc":{"start":{"line":583,"column":22},"end":{"line":596,"column":null}},"type":"cond-expr","locations":[{"start":{"line":584,"column":20},"end":{"line":588,"column":21}},{"start":{"line":588,"column":20},"end":{"line":596,"column":null}}],"line":583},"47":{"loc":{"start":{"line":601,"column":11},"end":{"line":607,"column":null}},"type":"binary-expr","locations":[{"start":{"line":601,"column":11},"end":{"line":601,"column":null}},{"start":{"line":602,"column":12},"end":{"line":607,"column":null}}],"line":601}},"s":{"0":1,"1":1,"2":1,"3":1,"4":1,"5":5,"6":5,"7":5,"8":1,"9":5,"10":0,"11":5,"12":0,"13":5,"14":2,"15":19,"16":19,"17":19,"18":19,"19":19,"20":19,"21":19,"22":19,"23":19,"24":19,"25":19,"26":19,"27":19,"28":5,"29":19,"30":19,"31":5,"32":19,"33":2,"34":19,"35":19,"36":2,"37":19,"38":19,"39":19,"40":19,"41":19,"42":1,"43":0,"44":0,"45":0,"46":1,"47":1,"48":1,"49":19,"50":1,"51":0,"52":0,"53":0,"54":0,"55":0,"56":1,"57":1,"58":1,"59":0,"60":1,"61":19,"62":0,"63":0,"64":0,"65":0,"66":0,"67":0,"68":0,"69":0,"70":0,"71":19,"72":0,"73":0,"74":0,"75":0,"76":0,"77":0,"78":0,"79":0,"80":1,"81":1,"82":1,"83":1,"84":1,"85":0,"86":1,"87":1,"88":1,"89":1,"90":1,"91":1,"92":1,"93":1,"94":1,"95":1,"96":0,"97":0,"98":0,"99":0,"100":19,"101":19,"102":19,"103":19,"104":9,"105":10,"106":1,"107":9,"108":0,"109":0,"110":9,"111":1,"112":1,"113":8,"114":8,"115":0,"116":0,"117":1,"118":0,"119":0,"120":0,"121":0,"122":0,"123":5,"124":1,"125":1,"126":1,"127":3,"128":3,"129":0,"130":0,"131":0,"132":0,"133":0},"f":{"0":5,"1":2,"2":19,"3":5,"4":5,"5":2,"6":2,"7":1,"8":0,"9":1,"10":1,"11":0,"12":0,"13":0,"14":1,"15":0,"16":0,"17":0,"18":0,"19":0,"20":0,"21":0,"22":0,"23":0,"24":1,"25":1,"26":1,"27":1,"28":0,"29":0,"30":1,"31":8,"32":8,"33":0,"34":1,"35":0,"36":0,"37":0,"38":5,"39":1,"40":1,"41":3,"42":3,"43":0,"44":0,"45":0,"46":0},"b":{"0":[1,4],"1":[0,5],"2":[0,5],"3":[2,2],"4":[19,10],"5":[19,15],"6":[19,16],"7":[19,16],"8":[1,1],"9":[1,0],"10":[1,0],"11":[1,1],"12":[0,0],"13":[0,0],"14":[1,0],"15":[1,1],"16":[0,1],"17":[1,0],"18":[1,1],"19":[0,0],"20":[0,0],"21":[0,0],"22":[0,0],"23":[0,0],"24":[0,0],"25":[0,0],"26":[0,1],"27":[1,0],"28":[1,0],"29":[0,0],"30":[19,1],"31":[9,10],"32":[1,9],"33":[0,9],"34":[9,0],"35":[19,8],"36":[0,1],"37":[19,9],"38":[0,0],"39":[4,5],"40":[4,1],"41":[19,4],"42":[4,1],"43":[1,3],"44":[3,0],"45":[1,3],"46":[3,0],"47":[19,1]},"meta":{"lastBranch":48,"lastFunction":47,"lastStatement":134,"seen":{"s:43:23:48:Infinity":0,"s:51:22:53:Infinity":1,"s:56:53:56:Infinity":2,"s:57:75:57:Infinity":3,"s:58:72:58:Infinity":4,"f:60:15:60:26":0,"s:61:2:61:Infinity":5,"s:62:16:62:Infinity":6,"b:63:2:63:Infinity:undefined:undefined:undefined:undefined":0,"s:63:2:63:Infinity":7,"s:63:20:63:Infinity":8,"b:64:2:64:Infinity:undefined:undefined:undefined:undefined":1,"s:64:2:64:Infinity":9,"s:64:22:64:Infinity":10,"b:65:2:65:Infinity:undefined:undefined:undefined:undefined":2,"s:65:2:65:Infinity":11,"s:65:29:65:Infinity":12,"s:66:2:66:Infinity":13,"f:69:9:69:26":1,"s:70:2:70:Infinity":14,"b:70:88:70:107:70:107:70:110":3,"f:73:16:73:32":2,"s:74:24:74:57":15,"s:75:2:75:Infinity":16,"s:76:22:76:37":17,"s:78:42:78:Infinity":18,"s:79:46:79:Infinity":19,"s:80:46:80:Infinity":20,"s:81:32:81:Infinity":21,"s:82:48:82:Infinity":22,"s:83:46:83:Infinity":23,"s:84:40:84:Infinity":24,"s:85:50:85:Infinity":25,"s:87:24:87:Infinity":26,"s:88:21:92:Infinity":27,"f:90:4:90:19":3,"s:90:19:90:Infinity":28,"s:93:16:93:Infinity":29,"b:93:16:93:44:93:44:93:Infinity":4,"s:94:23:94:Infinity":30,"b:94:23:94:75:94:75:94:Infinity":5,"f:94:29:94:35":4,"s:94:44:94:70":31,"s:96:24:100:Infinity":32,"f:98:4:98:19":5,"s:98:19:98:Infinity":33,"s:101:19:101:Infinity":34,"b:101:19:101:41:101:41:101:Infinity":6,"s:103:21:107:Infinity":35,"f:105:4:105:19":6,"s:105:19:105:Infinity":36,"s:108:22:108:Infinity":37,"b:108:22:108:50:108:50:108:Infinity":7,"s:110:21:113:Infinity":38,"s:114:19:114:Infinity":39,"s:115:22:115:Infinity":40,"s:117:29:132:Infinity":41,"f:118:4:118:17":7,"s:119:6:122:Infinity":42,"b:121:54:121:82:121:82:121:87":8,"f:123:4:123:21":8,"s:124:6:124:Infinity":43,"s:125:6:125:Infinity":44,"s:126:6:126:Infinity":45,"f:128:4:128:14":9,"b:129:6:129:Infinity:undefined:undefined:undefined:undefined":9,"s:129:6:129:Infinity":46,"s:129:30:129:Infinity":47,"s:130:6:130:Infinity":48,"b:130:50:130:66:130:66:130:91":10,"s:134:29:156:Infinity":49,"f:135:4:135:17":10,"s:136:6:139:Infinity":50,"b:138:86:138:114:138:114:138:119":11,"f:140:4:140:16":11,"s:141:6:142:Infinity":51,"f:141:76:141:80":12,"s:142:8:142:109":52,"b:142:14:142:106:142:106:142:109":12,"f:142:45:142:50":13,"s:142:60:142:100":53,"b:142:85:142:95:142:95:142:100":13,"s:143:6:143:Infinity":54,"s:144:6:144:Infinity":55,"f:146:4:146:14":14,"b:147:6:147:Infinity:undefined:undefined:undefined:undefined":14,"s:147:6:147:Infinity":56,"b:147:10:147:39:147:39:147:61":15,"s:147:61:147:Infinity":57,"b:148:6:148:Infinity:undefined:undefined:undefined:undefined":16,"s:148:6:148:Infinity":58,"s:148:30:148:Infinity":59,"s:149:6:154:Infinity":60,"b:151:12:151:Infinity:152:12:152:Infinity":17,"b:150:14:150:43:150:43:150:Infinity":18,"b:152:37:152:53:152:53:152:Infinity":19,"s:158:29:170:Infinity":61,"f:159:4:159:22":15,"s:159:22:159:Infinity":62,"f:160:4:160:21":16,"s:161:6:162:Infinity":63,"f:161:76:161:80":17,"s:162:8:162:99":64,"b:162:14:162:96:162:96:162:99":20,"f:162:45:162:53":18,"s:162:62:162:90":65,"s:163:6:163:Infinity":66,"s:164:6:164:Infinity":67,"f:166:4:166:14":19,"b:167:6:167:Infinity:undefined:undefined:undefined:undefined":21,"s:167:6:167:Infinity":68,"s:167:30:167:Infinity":69,"s:168:6:168:Infinity":70,"b:168:50:168:66:168:66:168:91":22,"s:172:29:184:Infinity":71,"f:173:4:173:17":20,"s:174:6:174:Infinity":72,"f:175:4:175:16":21,"s:176:6:176:Infinity":73,"f:176:78:176:82":22,"s:176:90:176:115":74,"b:176:104:176:111:176:111:176:114":23,"s:177:6:177:Infinity":75,"s:178:6:178:Infinity":76,"f:180:4:180:14":23,"b:181:6:181:Infinity:undefined:undefined:undefined:undefined":24,"s:181:6:181:Infinity":77,"s:181:30:181:Infinity":78,"s:182:6:182:Infinity":79,"b:182:50:182:66:182:66:182:91":25,"f:186:11:186:22":24,"s:187:4:187:Infinity":80,"s:188:4:188:Infinity":81,"s:189:4:189:Infinity":82,"s:190:4:190:Infinity":83,"f:193:17:193:38":25,"b:194:4:194:Infinity:undefined:undefined:undefined:undefined":26,"s:194:4:194:Infinity":84,"s:194:23:194:Infinity":85,"s:195:4:206:Infinity":86,"s:196:21:196:Infinity":87,"s:197:6:198:Infinity":88,"f:197:76:197:80":26,"s:198:8:198:105":89,"b:198:14:198:102:198:102:198:105":27,"f:198:45:198:50":27,"s:198:60:198:96":90,"b:198:83:198:91:198:91:198:96":28,"s:199:6:199:Infinity":91,"s:200:6:200:Infinity":92,"s:201:6:201:Infinity":93,"s:202:6:202:Infinity":94,"s:203:6:203:Infinity":95,"s:205:6:205:Infinity":96,"b:205:50:205:66:205:66:205:91":29,"f:209:11:209:39":28,"s:210:4:210:Infinity":97,"s:211:4:211:Infinity":98,"s:212:4:212:Infinity":99,"s:215:18:215:Infinity":100,"s:216:20:216:Infinity":101,"s:217:17:217:Infinity":102,"b:217:17:217:39:217:39:217:Infinity":30,"b:219:2:225:Infinity:undefined:undefined:undefined:undefined":31,"s:219:2:225:Infinity":103,"s:220:4:225:Infinity":104,"b:227:2:227:Infinity:undefined:undefined:undefined:undefined":32,"s:227:2:227:Infinity":105,"s:227:17:227:Infinity":106,"b:228:2:234:Infinity:undefined:undefined:undefined:undefined":33,"s:228:2:234:Infinity":107,"s:229:4:234:Infinity":108,"f:232:71:232:86":29,"s:232:86:232:114":109,"s:237:2:638:Infinity":110,"f:252:35:252:49":30,"s:253:16:253:Infinity":111,"s:254:16:254:Infinity":112,"b:265:21:265:Infinity:266:22:268:Infinity":34,"f:280:22:280:31":31,"s:281:24:288:Infinity":113,"f:301:22:301:31":32,"s:302:24:309:Infinity":114,"f:330:18:330:29":33,"s:330:41:330:65":115,"s:330:65:330:91":116,"b:338:29:338:45:338:45:338:Infinity":35,"f:339:22:339:38":34,"s:339:48:339:Infinity":117,"b:339:82:339:88:339:88:339:112":36,"b:357:29:357:47:357:47:357:Infinity":37,"f:358:22:358:38":35,"s:358:48:358:Infinity":118,"b:358:84:358:90:358:90:358:116":38,"f:377:22:377:33":36,"s:377:43:377:Infinity":119,"f:388:18:388:33":37,"s:388:35:388:56":120,"s:388:56:388:79":121,"s:388:79:388:102":122,"b:397:12:404:13:404:12:422:Infinity":39,"f:405:21:405:26":38,"s:406:16:420:Infinity":123,"b:406:82:406:94:406:94:406:Infinity":40,"f:407:40:407:55":39,"s:407:55:407:73":124,"b:425:11:425:Infinity:426:12:598:Infinity":41,"f:434:39:434:53":40,"s:435:22:435:Infinity":125,"s:436:22:436:Infinity":126,"f:458:30:458:39":41,"s:459:32:466:Infinity":127,"f:479:30:479:39":42,"s:480:32:487:Infinity":128,"f:505:73:505:88":43,"s:505:88:505:115":129,"b:513:17:513:Infinity:514:18:526:Infinity":42,"f:534:42:534:56":44,"s:535:22:535:Infinity":130,"s:536:22:536:Infinity":131,"b:555:20:558:31:558:22:571:Infinity":43,"b:559:20:563:21:563:20:571:Infinity":44,"f:564:32:564:37":45,"s:565:24:569:Infinity":132,"b:580:20:583:34:583:22:596:Infinity":45,"b:584:20:588:21:588:20:596:Infinity":46,"f:589:35:589:40":46,"s:590:24:592:Infinity":133,"b:601:11:601:Infinity:602:12:607:Infinity":47},"fnNames":{}}}
,"/Users/ray/Development/team-flow/frontend/src/test/queryClient.ts": {"path":"/Users/ray/Development/team-flow/frontend/src/test/queryClient.ts","statementMap":{"0":{"start":{"line":4,"column":2},"end":{"line":9,"column":null}}},"fnMap":{"0":{"name":"createTestQueryClient","decl":{"start":{"line":3,"column":16},"end":{"line":3,"column":40}},"loc":{"start":{"line":3,"column":40},"end":{"line":10,"column":null}},"line":3}},"branchMap":{},"s":{"0":6},"f":{"0":6},"b":{},"meta":{"lastBranch":0,"lastFunction":1,"lastStatement":1,"seen":{"f:3:16:3:40":0,"s:4:2:9:Infinity":0},"fnNames":{}}}
}
